Started GET "/" for 127.0.0.1 at 2018-06-13 12:10:46 +0900
  [1m[36mActiveRecord::SchemaMigration Load (25.2ms)[0m  [1m[34mSELECT `schema_migrations`.* FROM `schema_migrations`[0m
  
ActiveRecord::PendingMigrationError (

Migrations are pending. To resolve this issue, run:

        bin/rails db:migrate RAILS_ENV=development

):
  
activerecord (5.0.7) lib/active_record/migration.rb:573:in `check_pending!'
activerecord (5.0.7) lib/active_record/migration.rb:549:in `call'
actionpack (5.0.7) lib/action_dispatch/middleware/callbacks.rb:38:in `block in call'
activesupport (5.0.7) lib/active_support/callbacks.rb:97:in `__run_callbacks__'
activesupport (5.0.7) lib/active_support/callbacks.rb:750:in `_run_call_callbacks'
activesupport (5.0.7) lib/active_support/callbacks.rb:90:in `run_callbacks'
actionpack (5.0.7) lib/action_dispatch/middleware/callbacks.rb:36:in `call'
actionpack (5.0.7) lib/action_dispatch/middleware/executor.rb:12:in `call'
actionpack (5.0.7) lib/action_dispatch/middleware/remote_ip.rb:79:in `call'
actionpack (5.0.7) lib/action_dispatch/middleware/debug_exceptions.rb:49:in `call'
web-console (3.6.2) lib/web_console/middleware.rb:135:in `call_app'
web-console (3.6.2) lib/web_console/middleware.rb:30:in `block in call'
web-console (3.6.2) lib/web_console/middleware.rb:20:in `catch'
web-console (3.6.2) lib/web_console/middleware.rb:20:in `call'
actionpack (5.0.7) lib/action_dispatch/middleware/show_exceptions.rb:31:in `call'
railties (5.0.7) lib/rails/rack/logger.rb:36:in `call_app'
railties (5.0.7) lib/rails/rack/logger.rb:24:in `block in call'
activesupport (5.0.7) lib/active_support/tagged_logging.rb:69:in `block in tagged'
activesupport (5.0.7) lib/active_support/tagged_logging.rb:26:in `tagged'
activesupport (5.0.7) lib/active_support/tagged_logging.rb:69:in `tagged'
railties (5.0.7) lib/rails/rack/logger.rb:24:in `call'
sprockets-rails (3.2.1) lib/sprockets/rails/quiet_assets.rb:13:in `call'
actionpack (5.0.7) lib/action_dispatch/middleware/request_id.rb:24:in `call'
rack (2.0.5) lib/rack/method_override.rb:22:in `call'
rack (2.0.5) lib/rack/runtime.rb:22:in `call'
activesupport (5.0.7) lib/active_support/cache/strategy/local_cache_middleware.rb:28:in `call'
actionpack (5.0.7) lib/action_dispatch/middleware/executor.rb:12:in `call'
actionpack (5.0.7) lib/action_dispatch/middleware/static.rb:136:in `call'
rack (2.0.5) lib/rack/sendfile.rb:111:in `call'
railties (5.0.7) lib/rails/engine.rb:522:in `call'
puma (3.11.4) lib/puma/configuration.rb:225:in `call'
puma (3.11.4) lib/puma/server.rb:632:in `handle_request'
puma (3.11.4) lib/puma/server.rb:446:in `process_client'
puma (3.11.4) lib/puma/server.rb:306:in `block in run'
puma (3.11.4) lib/puma/thread_pool.rb:120:in `block in spawn_thread'
  Rendering /Users/yanagiwaratatsuya/.rbenv/versions/2.3.1/lib/ruby/gems/2.3.0/gems/actionpack-5.0.7/lib/action_dispatch/middleware/templates/rescues/diagnostics.html.erb within rescues/layout
  Rendering /Users/yanagiwaratatsuya/.rbenv/versions/2.3.1/lib/ruby/gems/2.3.0/gems/actionpack-5.0.7/lib/action_dispatch/middleware/templates/rescues/_source.html.erb
  Rendered /Users/yanagiwaratatsuya/.rbenv/versions/2.3.1/lib/ruby/gems/2.3.0/gems/actionpack-5.0.7/lib/action_dispatch/middleware/templates/rescues/_source.html.erb (2.5ms)
  Rendering /Users/yanagiwaratatsuya/.rbenv/versions/2.3.1/lib/ruby/gems/2.3.0/gems/actionpack-5.0.7/lib/action_dispatch/middleware/templates/rescues/_trace.html.erb
  Rendered /Users/yanagiwaratatsuya/.rbenv/versions/2.3.1/lib/ruby/gems/2.3.0/gems/actionpack-5.0.7/lib/action_dispatch/middleware/templates/rescues/_trace.html.erb (0.9ms)
  Rendering /Users/yanagiwaratatsuya/.rbenv/versions/2.3.1/lib/ruby/gems/2.3.0/gems/actionpack-5.0.7/lib/action_dispatch/middleware/templates/rescues/_request_and_response.html.erb
  Rendered /Users/yanagiwaratatsuya/.rbenv/versions/2.3.1/lib/ruby/gems/2.3.0/gems/actionpack-5.0.7/lib/action_dispatch/middleware/templates/rescues/_request_and_response.html.erb (0.8ms)
  Rendered /Users/yanagiwaratatsuya/.rbenv/versions/2.3.1/lib/ruby/gems/2.3.0/gems/actionpack-5.0.7/lib/action_dispatch/middleware/templates/rescues/diagnostics.html.erb within rescues/layout (124.0ms)
  [1m[35m (0.1ms)[0m  [1m[34mSELECT DATABASE() as db[0m
  [1m[35m (0.3ms)[0m  [1m[34mSELECT GET_LOCK('8445024276154775190', 0);[0m
  [1m[36mActiveRecord::SchemaMigration Load (0.3ms)[0m  [1m[34mSELECT `schema_migrations`.* FROM `schema_migrations`[0m
Migrating to DeviseCreateUsers (20180602041251)
  [1m[35m (6.9ms)[0m  [1m[35mCREATE TABLE `users` (`id` int AUTO_INCREMENT PRIMARY KEY, `name` varchar(255) NOT NULL, `email` varchar(255) DEFAULT '' NOT NULL, `encrypted_password` varchar(255) DEFAULT '' NOT NULL, `reset_password_token` varchar(255), `reset_password_sent_at` datetime, `remember_created_at` datetime, `sign_in_count` int DEFAULT 0 NOT NULL, `current_sign_in_at` datetime, `last_sign_in_at` datetime, `current_sign_in_ip` varchar(255), `last_sign_in_ip` varchar(255), `created_at` datetime NOT NULL, `updated_at` datetime NOT NULL) ENGINE=InnoDB[0m
  [1m[35m (0.2ms)[0m  [1m[34mSELECT RELEASE_LOCK('8445024276154775190')[0m
Started GET "/" for 127.0.0.1 at 2018-06-13 12:11:27 +0900
  [1m[36mActiveRecord::SchemaMigration Load (0.3ms)[0m  [1m[34mSELECT `schema_migrations`.* FROM `schema_migrations`[0m
  
ActiveRecord::PendingMigrationError (

Migrations are pending. To resolve this issue, run:

        bin/rails db:migrate RAILS_ENV=development

):
  
activerecord (5.0.7) lib/active_record/migration.rb:573:in `check_pending!'
activerecord (5.0.7) lib/active_record/migration.rb:549:in `call'
actionpack (5.0.7) lib/action_dispatch/middleware/callbacks.rb:38:in `block in call'
activesupport (5.0.7) lib/active_support/callbacks.rb:97:in `__run_callbacks__'
activesupport (5.0.7) lib/active_support/callbacks.rb:750:in `_run_call_callbacks'
activesupport (5.0.7) lib/active_support/callbacks.rb:90:in `run_callbacks'
actionpack (5.0.7) lib/action_dispatch/middleware/callbacks.rb:36:in `call'
actionpack (5.0.7) lib/action_dispatch/middleware/executor.rb:12:in `call'
actionpack (5.0.7) lib/action_dispatch/middleware/remote_ip.rb:79:in `call'
actionpack (5.0.7) lib/action_dispatch/middleware/debug_exceptions.rb:49:in `call'
web-console (3.6.2) lib/web_console/middleware.rb:135:in `call_app'
web-console (3.6.2) lib/web_console/middleware.rb:30:in `block in call'
web-console (3.6.2) lib/web_console/middleware.rb:20:in `catch'
web-console (3.6.2) lib/web_console/middleware.rb:20:in `call'
actionpack (5.0.7) lib/action_dispatch/middleware/show_exceptions.rb:31:in `call'
railties (5.0.7) lib/rails/rack/logger.rb:36:in `call_app'
railties (5.0.7) lib/rails/rack/logger.rb:24:in `block in call'
activesupport (5.0.7) lib/active_support/tagged_logging.rb:69:in `block in tagged'
activesupport (5.0.7) lib/active_support/tagged_logging.rb:26:in `tagged'
activesupport (5.0.7) lib/active_support/tagged_logging.rb:69:in `tagged'
railties (5.0.7) lib/rails/rack/logger.rb:24:in `call'
sprockets-rails (3.2.1) lib/sprockets/rails/quiet_assets.rb:13:in `call'
actionpack (5.0.7) lib/action_dispatch/middleware/request_id.rb:24:in `call'
rack (2.0.5) lib/rack/method_override.rb:22:in `call'
rack (2.0.5) lib/rack/runtime.rb:22:in `call'
activesupport (5.0.7) lib/active_support/cache/strategy/local_cache_middleware.rb:28:in `call'
actionpack (5.0.7) lib/action_dispatch/middleware/executor.rb:12:in `call'
actionpack (5.0.7) lib/action_dispatch/middleware/static.rb:136:in `call'
rack (2.0.5) lib/rack/sendfile.rb:111:in `call'
railties (5.0.7) lib/rails/engine.rb:522:in `call'
puma (3.11.4) lib/puma/configuration.rb:225:in `call'
puma (3.11.4) lib/puma/server.rb:632:in `handle_request'
puma (3.11.4) lib/puma/server.rb:446:in `process_client'
puma (3.11.4) lib/puma/server.rb:306:in `block in run'
puma (3.11.4) lib/puma/thread_pool.rb:120:in `block in spawn_thread'
  Rendering /Users/yanagiwaratatsuya/.rbenv/versions/2.3.1/lib/ruby/gems/2.3.0/gems/actionpack-5.0.7/lib/action_dispatch/middleware/templates/rescues/diagnostics.html.erb within rescues/layout
  Rendering /Users/yanagiwaratatsuya/.rbenv/versions/2.3.1/lib/ruby/gems/2.3.0/gems/actionpack-5.0.7/lib/action_dispatch/middleware/templates/rescues/_source.html.erb
  Rendered /Users/yanagiwaratatsuya/.rbenv/versions/2.3.1/lib/ruby/gems/2.3.0/gems/actionpack-5.0.7/lib/action_dispatch/middleware/templates/rescues/_source.html.erb (1.2ms)
  Rendering /Users/yanagiwaratatsuya/.rbenv/versions/2.3.1/lib/ruby/gems/2.3.0/gems/actionpack-5.0.7/lib/action_dispatch/middleware/templates/rescues/_trace.html.erb
  Rendered /Users/yanagiwaratatsuya/.rbenv/versions/2.3.1/lib/ruby/gems/2.3.0/gems/actionpack-5.0.7/lib/action_dispatch/middleware/templates/rescues/_trace.html.erb (0.9ms)
  Rendering /Users/yanagiwaratatsuya/.rbenv/versions/2.3.1/lib/ruby/gems/2.3.0/gems/actionpack-5.0.7/lib/action_dispatch/middleware/templates/rescues/_request_and_response.html.erb
  Rendered /Users/yanagiwaratatsuya/.rbenv/versions/2.3.1/lib/ruby/gems/2.3.0/gems/actionpack-5.0.7/lib/action_dispatch/middleware/templates/rescues/_request_and_response.html.erb (0.8ms)
  Rendered /Users/yanagiwaratatsuya/.rbenv/versions/2.3.1/lib/ruby/gems/2.3.0/gems/actionpack-5.0.7/lib/action_dispatch/middleware/templates/rescues/diagnostics.html.erb within rescues/layout (102.7ms)
  [1m[35m (0.2ms)[0m  [1m[34mSELECT `schema_migrations`.`version` FROM `schema_migrations`[0m
  [1m[36mActiveRecord::SchemaMigration Load (0.6ms)[0m  [1m[34mSELECT `schema_migrations`.* FROM `schema_migrations`[0m
  [1m[35m (0.4ms)[0m  [1m[34mSELECT `ar_internal_metadata`.`value` FROM `ar_internal_metadata` WHERE `ar_internal_metadata`.`key` = 'environment'[0m
  [1m[36mActiveRecord::SchemaMigration Load (0.1ms)[0m  [1m[34mSELECT `schema_migrations`.* FROM `schema_migrations`[0m
  [1m[35m (0.2ms)[0m  [1m[34mSELECT `ar_internal_metadata`.`value` FROM `ar_internal_metadata` WHERE `ar_internal_metadata`.`key` = 'environment'[0m
  [1m[36mActiveRecord::SchemaMigration Load (0.1ms)[0m  [1m[34mSELECT `schema_migrations`.* FROM `schema_migrations`[0m
  [1m[35m (0.1ms)[0m  [1m[34mSELECT `ar_internal_metadata`.`value` FROM `ar_internal_metadata` WHERE `ar_internal_metadata`.`key` = 'environment'[0m
  [1m[35m (29.3ms)[0m  [1m[35mDROP DATABASE IF EXISTS `chat-space_development`[0m
  [1m[35m (0.5ms)[0m  [1m[35mDROP DATABASE IF EXISTS `chat-space_test`[0m
  [1m[35m (0.5ms)[0m  [1m[35mCREATE DATABASE `chat-space_development` DEFAULT CHARACTER SET `utf8`[0m
  [1m[35m (1.0ms)[0m  [1m[35mCREATE DATABASE `chat-space_test` DEFAULT CHARACTER SET `utf8`[0m
  [1m[35m (22.0ms)[0m  [1m[35mCREATE TABLE `schema_migrations` (`version` varchar(255) PRIMARY KEY) ENGINE=InnoDB[0m
  [1m[35m (20.4ms)[0m  [1m[35mCREATE TABLE `ar_internal_metadata` (`key` varchar(255) PRIMARY KEY, `value` varchar(255), `created_at` datetime NOT NULL, `updated_at` datetime NOT NULL) ENGINE=InnoDB[0m
  [1m[35m (0.2ms)[0m  [1m[34mSELECT DATABASE() as db[0m
  [1m[35m (0.2ms)[0m  [1m[34mSELECT GET_LOCK('8445024276154775190', 0);[0m
  [1m[36mActiveRecord::SchemaMigration Load (0.2ms)[0m  [1m[34mSELECT `schema_migrations`.* FROM `schema_migrations`[0m
Migrating to DeviseCreateUsers (20180602041251)
  [1m[35m (18.5ms)[0m  [1m[35mCREATE TABLE `users` (`id` int AUTO_INCREMENT PRIMARY KEY, `name` varchar(255) NOT NULL, `email` varchar(255) DEFAULT '' NOT NULL, `encrypted_password` varchar(255) DEFAULT '' NOT NULL, `reset_password_token` varchar(255), `reset_password_sent_at` datetime, `remember_created_at` datetime, `sign_in_count` int DEFAULT 0 NOT NULL, `current_sign_in_at` datetime, `last_sign_in_at` datetime, `current_sign_in_ip` varchar(255), `last_sign_in_ip` varchar(255), `created_at` datetime NOT NULL, `updated_at` datetime NOT NULL) ENGINE=InnoDB[0m
  [1m[35m (23.5ms)[0m  [1m[35mCREATE UNIQUE INDEX `index_users_on_email`  ON `users` (`email`) [0m
  [1m[35m (18.5ms)[0m  [1m[35mCREATE UNIQUE INDEX `index_users_on_reset_password_token`  ON `users` (`reset_password_token`) [0m
  [1m[35m (0.3ms)[0m  [1m[35mBEGIN[0m
  [1m[35mSQL (0.3ms)[0m  [1m[32mINSERT INTO `schema_migrations` (`version`) VALUES ('20180602041251')[0m
  [1m[35m (0.4ms)[0m  [1m[35mCOMMIT[0m
Migrating to CreateGroups (20180602080428)
  [1m[35m (24.7ms)[0m  [1m[35mCREATE TABLE `groups` (`id` int AUTO_INCREMENT PRIMARY KEY, `name` varchar(255) NOT NULL, `created_at` datetime NOT NULL, `updated_at` datetime NOT NULL,  INDEX `index_groups_on_name`  (`name`)) ENGINE=InnoDB[0m
  [1m[35m (0.1ms)[0m  [1m[35mBEGIN[0m
  [1m[35mSQL (0.2ms)[0m  [1m[32mINSERT INTO `schema_migrations` (`version`) VALUES ('20180602080428')[0m
  [1m[35m (1.3ms)[0m  [1m[35mCOMMIT[0m
Migrating to CreateGroupUsers (20180602080448)
  [1m[35m (22.0ms)[0m  [1m[35mCREATE TABLE `group_users` (`id` int AUTO_INCREMENT PRIMARY KEY, `group_id` int, `user_id` int, `created_at` datetime NOT NULL, `updated_at` datetime NOT NULL,  INDEX `index_group_users_on_group_id`  (`group_id`),  INDEX `index_group_users_on_user_id`  (`user_id`), CONSTRAINT `fk_rails_a9d5f48449`
FOREIGN KEY (`group_id`)
  REFERENCES `groups` (`id`)
, CONSTRAINT `fk_rails_1486913327`
FOREIGN KEY (`user_id`)
  REFERENCES `users` (`id`)
) ENGINE=InnoDB[0m
  [1m[35m (0.2ms)[0m  [1m[35mBEGIN[0m
  [1m[35mSQL (1.1ms)[0m  [1m[32mINSERT INTO `schema_migrations` (`version`) VALUES ('20180602080448')[0m
  [1m[35m (0.6ms)[0m  [1m[35mCOMMIT[0m
Migrating to CreateMessages (20180604092835)
  [1m[35m (20.7ms)[0m  [1m[35mCREATE TABLE `messages` (`id` int AUTO_INCREMENT PRIMARY KEY, `content` varchar(255), `image` varchar(255), `group_id` int, `user_id` int, `created_at` datetime NOT NULL, `updated_at` datetime NOT NULL,  INDEX `index_messages_on_group_id`  (`group_id`),  INDEX `index_messages_on_user_id`  (`user_id`), CONSTRAINT `fk_rails_841b0ae6ac`
FOREIGN KEY (`group_id`)
  REFERENCES `groups` (`id`)
, CONSTRAINT `fk_rails_273a25a7a6`
FOREIGN KEY (`user_id`)
  REFERENCES `users` (`id`)
) ENGINE=InnoDB[0m
  [1m[35m (0.2ms)[0m  [1m[35mBEGIN[0m
  [1m[35mSQL (1.0ms)[0m  [1m[32mINSERT INTO `schema_migrations` (`version`) VALUES ('20180604092835')[0m
  [1m[35m (0.7ms)[0m  [1m[35mCOMMIT[0m
  [1m[36mActiveRecord::InternalMetadata Load (0.6ms)[0m  [1m[34mSELECT  `ar_internal_metadata`.* FROM `ar_internal_metadata` WHERE `ar_internal_metadata`.`key` = 'environment' LIMIT 1[0m
  [1m[35m (0.1ms)[0m  [1m[35mBEGIN[0m
  [1m[35mSQL (0.2ms)[0m  [1m[32mINSERT INTO `ar_internal_metadata` (`key`, `value`, `created_at`, `updated_at`) VALUES ('environment', 'development', '2018-06-13 03:17:19', '2018-06-13 03:17:19')[0m
  [1m[35m (0.4ms)[0m  [1m[35mCOMMIT[0m
  [1m[35m (0.1ms)[0m  [1m[34mSELECT RELEASE_LOCK('8445024276154775190')[0m
  [1m[36mActiveRecord::SchemaMigration Load (0.1ms)[0m  [1m[34mSELECT `schema_migrations`.* FROM `schema_migrations`[0m
  [1m[35m (0.7ms)[0m  [1m[35mSHOW CREATE TABLE `group_users`[0m
  [1m[35m (0.3ms)[0m  [1m[35mSHOW CREATE TABLE `groups`[0m
  [1m[35m (0.4ms)[0m  [1m[35mSHOW TABLE STATUS LIKE 'groups'[0m
  [1m[35m (0.1ms)[0m  [1m[35mSHOW CREATE TABLE `messages`[0m
  [1m[35m (0.2ms)[0m  [1m[35mSHOW TABLE STATUS LIKE 'messages'[0m
  [1m[35m (0.1ms)[0m  [1m[35mSHOW CREATE TABLE `users`[0m
  [1m[35m (0.2ms)[0m  [1m[35mSHOW TABLE STATUS LIKE 'users'[0m
  [1m[35m (0.1ms)[0m  [1m[34mSELECT DATABASE() as db[0m
  [1m[35m (0.1ms)[0m  [1m[34mSELECT GET_LOCK('8445024276154775190', 0);[0m
  [1m[36mActiveRecord::SchemaMigration Load (0.3ms)[0m  [1m[34mSELECT `schema_migrations`.* FROM `schema_migrations`[0m
  [1m[36mActiveRecord::InternalMetadata Load (0.2ms)[0m  [1m[34mSELECT  `ar_internal_metadata`.* FROM `ar_internal_metadata` WHERE `ar_internal_metadata`.`key` = 'environment' LIMIT 1[0m
  [1m[35m (0.1ms)[0m  [1m[35mBEGIN[0m
  [1m[35m (0.1ms)[0m  [1m[35mCOMMIT[0m
  [1m[35m (0.1ms)[0m  [1m[34mSELECT RELEASE_LOCK('8445024276154775190')[0m
  [1m[36mActiveRecord::SchemaMigration Load (0.1ms)[0m  [1m[34mSELECT `schema_migrations`.* FROM `schema_migrations`[0m
  [1m[35m (0.1ms)[0m  [1m[35mSHOW CREATE TABLE `group_users`[0m
  [1m[35m (0.1ms)[0m  [1m[35mSHOW CREATE TABLE `groups`[0m
  [1m[35m (0.2ms)[0m  [1m[35mSHOW TABLE STATUS LIKE 'groups'[0m
  [1m[35m (0.1ms)[0m  [1m[35mSHOW CREATE TABLE `messages`[0m
  [1m[35m (0.2ms)[0m  [1m[35mSHOW TABLE STATUS LIKE 'messages'[0m
  [1m[35m (0.1ms)[0m  [1m[35mSHOW CREATE TABLE `users`[0m
  [1m[35m (0.3ms)[0m  [1m[35mSHOW TABLE STATUS LIKE 'users'[0m
  [1m[36mActiveRecord::SchemaMigration Load (0.3ms)[0m  [1m[34mSELECT `schema_migrations`.* FROM `schema_migrations`[0m
  [1m[35m (0.2ms)[0m  [1m[34mSELECT `ar_internal_metadata`.`value` FROM `ar_internal_metadata` WHERE `ar_internal_metadata`.`key` = 'environment'[0m
  [1m[36mActiveRecord::SchemaMigration Load (0.1ms)[0m  [1m[34mSELECT `schema_migrations`.* FROM `schema_migrations`[0m
  [1m[35m (0.1ms)[0m  [1m[34mSELECT `ar_internal_metadata`.`value` FROM `ar_internal_metadata` WHERE `ar_internal_metadata`.`key` = 'environment'[0m
  [1m[36mActiveRecord::SchemaMigration Load (0.1ms)[0m  [1m[34mSELECT `schema_migrations`.* FROM `schema_migrations`[0m
  [1m[35m (0.1ms)[0m  [1m[34mSELECT `ar_internal_metadata`.`value` FROM `ar_internal_metadata` WHERE `ar_internal_metadata`.`key` = 'environment'[0m
  [1m[35m (15.0ms)[0m  [1m[35mDROP DATABASE IF EXISTS `chat-space_development`[0m
  [1m[35m (0.6ms)[0m  [1m[35mDROP DATABASE IF EXISTS `chat-space_test`[0m
  [1m[35m (0.5ms)[0m  [1m[35mCREATE DATABASE `chat-space_development` DEFAULT CHARACTER SET `utf8`[0m
  [1m[35m (0.3ms)[0m  [1m[35mCREATE DATABASE `chat-space_test` DEFAULT CHARACTER SET `utf8`[0m
  [1m[35m (20.5ms)[0m  [1m[35mCREATE TABLE `schema_migrations` (`version` varchar(255) PRIMARY KEY) ENGINE=InnoDB[0m
  [1m[35m (17.5ms)[0m  [1m[35mCREATE TABLE `ar_internal_metadata` (`key` varchar(255) PRIMARY KEY, `value` varchar(255), `created_at` datetime NOT NULL, `updated_at` datetime NOT NULL) ENGINE=InnoDB[0m
  [1m[35m (0.2ms)[0m  [1m[34mSELECT DATABASE() as db[0m
  [1m[35m (0.2ms)[0m  [1m[34mSELECT GET_LOCK('8445024276154775190', 0);[0m
  [1m[36mActiveRecord::SchemaMigration Load (0.3ms)[0m  [1m[34mSELECT `schema_migrations`.* FROM `schema_migrations`[0m
Migrating to DeviseCreateUsers (20180602041251)
  [1m[35m (19.7ms)[0m  [1m[35mCREATE TABLE `users` (`id` int AUTO_INCREMENT PRIMARY KEY, `name` varchar(255) NOT NULL, `email` varchar(255) DEFAULT '' NOT NULL, `encrypted_password` varchar(255) DEFAULT '' NOT NULL, `reset_password_token` varchar(255), `reset_password_sent_at` datetime, `remember_created_at` datetime, `sign_in_count` int DEFAULT 0 NOT NULL, `current_sign_in_at` datetime, `last_sign_in_at` datetime, `current_sign_in_ip` varchar(255), `last_sign_in_ip` varchar(255), `created_at` datetime NOT NULL, `updated_at` datetime NOT NULL) ENGINE=InnoDB[0m
  [1m[35m (18.8ms)[0m  [1m[35mCREATE UNIQUE INDEX `index_users_on_email`  ON `users` (`email`) [0m
  [1m[35m (23.1ms)[0m  [1m[35mCREATE UNIQUE INDEX `index_users_on_reset_password_token`  ON `users` (`reset_password_token`) [0m
  [1m[35m (0.1ms)[0m  [1m[35mBEGIN[0m
  [1m[35mSQL (0.2ms)[0m  [1m[32mINSERT INTO `schema_migrations` (`version`) VALUES ('20180602041251')[0m
  [1m[35m (0.5ms)[0m  [1m[35mCOMMIT[0m
Migrating to CreateGroups (20180602080428)
  [1m[35m (18.7ms)[0m  [1m[35mCREATE TABLE `groups` (`id` int AUTO_INCREMENT PRIMARY KEY, `name` varchar(255) NOT NULL, `created_at` datetime NOT NULL, `updated_at` datetime NOT NULL,  INDEX `index_groups_on_name`  (`name`)) ENGINE=InnoDB[0m
  [1m[35m (0.2ms)[0m  [1m[35mBEGIN[0m
  [1m[35mSQL (0.2ms)[0m  [1m[32mINSERT INTO `schema_migrations` (`version`) VALUES ('20180602080428')[0m
  [1m[35m (0.6ms)[0m  [1m[35mCOMMIT[0m
Migrating to CreateGroupUsers (20180602080448)
  [1m[35m (20.6ms)[0m  [1m[35mCREATE TABLE `group_users` (`id` int AUTO_INCREMENT PRIMARY KEY, `group_id` int, `user_id` int, `created_at` datetime NOT NULL, `updated_at` datetime NOT NULL,  INDEX `index_group_users_on_group_id`  (`group_id`),  INDEX `index_group_users_on_user_id`  (`user_id`), CONSTRAINT `fk_rails_a9d5f48449`
FOREIGN KEY (`group_id`)
  REFERENCES `groups` (`id`)
, CONSTRAINT `fk_rails_1486913327`
FOREIGN KEY (`user_id`)
  REFERENCES `users` (`id`)
) ENGINE=InnoDB[0m
  [1m[35m (0.2ms)[0m  [1m[35mBEGIN[0m
  [1m[35mSQL (0.2ms)[0m  [1m[32mINSERT INTO `schema_migrations` (`version`) VALUES ('20180602080448')[0m
  [1m[35m (0.5ms)[0m  [1m[35mCOMMIT[0m
Migrating to CreateMessages (20180604092835)
  [1m[35m (17.5ms)[0m  [1m[35mCREATE TABLE `messages` (`id` int AUTO_INCREMENT PRIMARY KEY, `content` varchar(255), `image` varchar(255), `group_id` int, `user_id` int, `created_at` datetime NOT NULL, `updated_at` datetime NOT NULL,  INDEX `index_messages_on_group_id`  (`group_id`),  INDEX `index_messages_on_user_id`  (`user_id`), CONSTRAINT `fk_rails_841b0ae6ac`
FOREIGN KEY (`group_id`)
  REFERENCES `groups` (`id`)
, CONSTRAINT `fk_rails_273a25a7a6`
FOREIGN KEY (`user_id`)
  REFERENCES `users` (`id`)
) ENGINE=InnoDB[0m
  [1m[35m (0.1ms)[0m  [1m[35mBEGIN[0m
  [1m[35mSQL (0.2ms)[0m  [1m[32mINSERT INTO `schema_migrations` (`version`) VALUES ('20180604092835')[0m
  [1m[35m (0.3ms)[0m  [1m[35mCOMMIT[0m
  [1m[36mActiveRecord::InternalMetadata Load (0.6ms)[0m  [1m[34mSELECT  `ar_internal_metadata`.* FROM `ar_internal_metadata` WHERE `ar_internal_metadata`.`key` = 'environment' LIMIT 1[0m
  [1m[35m (0.1ms)[0m  [1m[35mBEGIN[0m
  [1m[35mSQL (0.2ms)[0m  [1m[32mINSERT INTO `ar_internal_metadata` (`key`, `value`, `created_at`, `updated_at`) VALUES ('environment', 'development', '2018-06-13 03:18:40', '2018-06-13 03:18:40')[0m
  [1m[35m (0.3ms)[0m  [1m[35mCOMMIT[0m
  [1m[35m (0.1ms)[0m  [1m[34mSELECT RELEASE_LOCK('8445024276154775190')[0m
  [1m[36mActiveRecord::SchemaMigration Load (0.1ms)[0m  [1m[34mSELECT `schema_migrations`.* FROM `schema_migrations`[0m
  [1m[35m (0.1ms)[0m  [1m[35mSHOW CREATE TABLE `group_users`[0m
  [1m[35m (0.1ms)[0m  [1m[35mSHOW CREATE TABLE `groups`[0m
  [1m[35m (0.2ms)[0m  [1m[35mSHOW TABLE STATUS LIKE 'groups'[0m
  [1m[35m (0.2ms)[0m  [1m[35mSHOW CREATE TABLE `messages`[0m
  [1m[35m (0.2ms)[0m  [1m[35mSHOW TABLE STATUS LIKE 'messages'[0m
  [1m[35m (0.1ms)[0m  [1m[35mSHOW CREATE TABLE `users`[0m
  [1m[35m (0.2ms)[0m  [1m[35mSHOW TABLE STATUS LIKE 'users'[0m
Started GET "/" for 127.0.0.1 at 2018-06-13 12:19:29 +0900
  [1m[36mActiveRecord::SchemaMigration Load (0.2ms)[0m  [1m[34mSELECT `schema_migrations`.* FROM `schema_migrations`[0m
Processing by GroupsController#index as HTML
Completed 401 Unauthorized in 18ms (ActiveRecord: 0.0ms)


Started GET "/users/sign_in" for 127.0.0.1 at 2018-06-13 12:19:29 +0900
Processing by Devise::SessionsController#new as HTML
  Rendering devise/sessions/new.html.haml within layouts/application
  Rendered devise/shared/_links.html.haml (2.5ms)
  Rendered devise/sessions/new.html.haml within layouts/application (23.5ms)
  Rendered layouts/_notifications.html.haml (1.9ms)
Completed 200 OK in 1412ms (Views: 1377.5ms | ActiveRecord: 19.7ms)


Started POST "/users/sign_in" for 127.0.0.1 at 2018-06-13 12:19:44 +0900
Processing by Devise::SessionsController#create as HTML
  Parameters: {"utf8"=>"✓", "authenticity_token"=>"2ZTuGfdlAIDe1OWeo45mp5X+YJwVzs7KJ1UQybkon/HOahdWlgbHyhoClIFDmF4Az3Fd2H8otfAyflTeRkPzGA==", "user"=>{"email"=>"oimoq13@yahoo.co.jp", "password"=>"[FILTERED]"}, "commit"=>"Log in"}
  [1m[36mUser Load (0.3ms)[0m  [1m[34mSELECT  `users`.* FROM `users` WHERE `users`.`email` = 'oimoq13@yahoo.co.jp' ORDER BY `users`.`id` ASC LIMIT 1[0m
Completed 401 Unauthorized in 5ms (ActiveRecord: 0.3ms)


Processing by Devise::SessionsController#new as HTML
  Parameters: {"utf8"=>"✓", "authenticity_token"=>"2ZTuGfdlAIDe1OWeo45mp5X+YJwVzs7KJ1UQybkon/HOahdWlgbHyhoClIFDmF4Az3Fd2H8otfAyflTeRkPzGA==", "user"=>{"email"=>"oimoq13@yahoo.co.jp", "password"=>"[FILTERED]"}, "commit"=>"Log in"}
  Rendering devise/sessions/new.html.haml within layouts/application
  Rendered devise/shared/_links.html.haml (1.5ms)
  Rendered devise/sessions/new.html.haml within layouts/application (7.8ms)
  Rendered layouts/_notifications.html.haml (1.9ms)
Completed 200 OK in 168ms (Views: 40.2ms | ActiveRecord: 0.0ms)


Started GET "/users/sign_up" for 127.0.0.1 at 2018-06-13 12:21:30 +0900
Processing by Devise::RegistrationsController#new as HTML
  Rendering devise/registrations/new.html.haml within layouts/application
  Rendered devise/shared/_links.html.haml (1.8ms)
  Rendered devise/registrations/new.html.haml within layouts/application (11.1ms)
  Rendered layouts/_notifications.html.haml (1.7ms)
Completed 200 OK in 45ms (Views: 43.1ms | ActiveRecord: 0.0ms)


Started POST "/users" for 127.0.0.1 at 2018-06-13 12:21:43 +0900
Processing by Devise::RegistrationsController#create as HTML
  Parameters: {"utf8"=>"✓", "authenticity_token"=>"Rut+XK+YlfCr1/dic9aTFPDWRf1Ep2LWHjXBelpVfloXxDnVBtXbzgv+t6rjcJCASuLAGe3hn1o6w+fTZlYswg==", "user"=>{"name"=>"oooo", "email"=>"oimoq13@yahoo.co.jp", "password"=>"[FILTERED]", "password_confirmation"=>"[FILTERED]"}, "commit"=>"Create Account"}
  [1m[35m (0.2ms)[0m  [1m[35mBEGIN[0m
  [1m[36mUser Exists (5.7ms)[0m  [1m[34mSELECT  1 AS one FROM `users` WHERE `users`.`email` = BINARY 'oimoq13@yahoo.co.jp' LIMIT 1[0m
  [1m[35mSQL (0.3ms)[0m  [1m[32mINSERT INTO `users` (`name`, `email`, `encrypted_password`, `created_at`, `updated_at`) VALUES ('oooo', 'oimoq13@yahoo.co.jp', '$2a$11$qOpsDbQEG7V1neNlrLOCkeFjo4DZCDOhULbJLMRyGe1mwmmDRA7VK', '2018-06-13 03:21:43', '2018-06-13 03:21:43')[0m
  [1m[35m (6.2ms)[0m  [1m[35mCOMMIT[0m
  [1m[35m (0.2ms)[0m  [1m[35mBEGIN[0m
  [1m[35mSQL (0.3ms)[0m  [1m[33mUPDATE `users` SET `sign_in_count` = 1, `current_sign_in_at` = '2018-06-13 03:21:43', `last_sign_in_at` = '2018-06-13 03:21:43', `current_sign_in_ip` = '127.0.0.1', `last_sign_in_ip` = '127.0.0.1' WHERE `users`.`id` = 1[0m
  [1m[35m (5.1ms)[0m  [1m[35mCOMMIT[0m
Redirected to http://localhost:3000/
Completed 302 Found in 170ms (ActiveRecord: 18.1ms)


Started GET "/" for 127.0.0.1 at 2018-06-13 12:21:43 +0900
Processing by GroupsController#index as HTML
  [1m[36mUser Load (0.3ms)[0m  [1m[34mSELECT  `users`.* FROM `users` WHERE `users`.`id` = 1 ORDER BY `users`.`id` ASC LIMIT 1[0m
  Rendering groups/index.html.haml within layouts/application
  [1m[36mGroup Load (0.4ms)[0m  [1m[34mSELECT `groups`.* FROM `groups` INNER JOIN `group_users` ON `groups`.`id` = `group_users`.`group_id` WHERE `group_users`.`user_id` = 1[0m
  Rendered module/_group-list.html.haml (79.3ms)
  Rendered messages/_sidebar.html.haml (84.6ms)
  Rendered groups/index.html.haml within layouts/application (87.9ms)
  Rendered layouts/_notifications.html.haml (1.5ms)
Completed 200 OK in 120ms (Views: 75.6ms | ActiveRecord: 41.4ms)


Started GET "/groups/new" for 127.0.0.1 at 2018-06-13 12:21:45 +0900
Processing by GroupsController#new as HTML
  [1m[36mUser Load (0.3ms)[0m  [1m[34mSELECT  `users`.* FROM `users` WHERE `users`.`id` = 1 ORDER BY `users`.`id` ASC LIMIT 1[0m
  Rendering groups/new.html.haml within layouts/application
  [1m[36mUser Load (0.2ms)[0m  [1m[34mSELECT `users`.* FROM `users`[0m
  Rendered groups/new.html.haml within layouts/application (80.8ms)
  Rendered layouts/_notifications.html.haml (1.5ms)
Completed 200 OK in 139ms (Views: 111.6ms | ActiveRecord: 1.6ms)


Started GET "/" for 127.0.0.1 at 2018-06-13 12:23:53 +0900
  [1m[36mActiveRecord::SchemaMigration Load (0.2ms)[0m  [1m[34mSELECT `schema_migrations`.* FROM `schema_migrations`[0m
Processing by GroupsController#index as HTML
  [1m[36mUser Load (0.3ms)[0m  [1m[34mSELECT  `users`.* FROM `users` WHERE `users`.`id` = 1 ORDER BY `users`.`id` ASC LIMIT 1[0m
  Rendering groups/index.html.haml within layouts/application
  [1m[36mGroup Load (0.3ms)[0m  [1m[34mSELECT `groups`.* FROM `groups` INNER JOIN `group_users` ON `groups`.`id` = `group_users`.`group_id` WHERE `group_users`.`user_id` = 1[0m
  Rendered module/_group-list.html.haml (44.6ms)
  Rendered messages/_sidebar.html.haml (51.6ms)
  Rendered groups/index.html.haml within layouts/application (62.8ms)
  Rendered layouts/_notifications.html.haml (1.7ms)
Completed 200 OK in 390ms (Views: 356.3ms | ActiveRecord: 9.9ms)


Started GET "/groups/new" for 127.0.0.1 at 2018-06-13 12:23:56 +0900
Processing by GroupsController#new as HTML
  [1m[36mUser Load (0.4ms)[0m  [1m[34mSELECT  `users`.* FROM `users` WHERE `users`.`id` = 1 ORDER BY `users`.`id` ASC LIMIT 1[0m
  Rendering groups/new.html.haml within layouts/application
  [1m[36mUser Load (0.3ms)[0m  [1m[34mSELECT `users`.* FROM `users`[0m
  Rendered groups/new.html.haml within layouts/application (110.8ms)
  Rendered layouts/_notifications.html.haml (1.7ms)
Completed 200 OK in 162ms (Views: 138.4ms | ActiveRecord: 1.0ms)


Started GET "/users/1/edit" for 127.0.0.1 at 2018-06-13 12:23:59 +0900
Processing by UsersController#edit as HTML
  Parameters: {"id"=>"1"}
  [1m[36mUser Load (0.5ms)[0m  [1m[34mSELECT  `users`.* FROM `users` WHERE `users`.`id` = 1 ORDER BY `users`.`id` ASC LIMIT 1[0m
  Rendering users/edit.html.haml within layouts/application
  Rendered users/edit.html.haml within layouts/application (7.1ms)
  Rendered layouts/_notifications.html.haml (2.1ms)
Completed 200 OK in 58ms (Views: 53.2ms | ActiveRecord: 0.5ms)


Started GET "/groups/new" for 127.0.0.1 at 2018-06-13 12:24:02 +0900
Processing by GroupsController#new as HTML
  [1m[36mUser Load (0.7ms)[0m  [1m[34mSELECT  `users`.* FROM `users` WHERE `users`.`id` = 1 ORDER BY `users`.`id` ASC LIMIT 1[0m
  Rendering groups/new.html.haml within layouts/application
  [1m[36mUser Load (0.4ms)[0m  [1m[34mSELECT `users`.* FROM `users`[0m
  Rendered groups/new.html.haml within layouts/application (15.6ms)
  Rendered layouts/_notifications.html.haml (1.6ms)
Completed 200 OK in 82ms (Views: 69.3ms | ActiveRecord: 1.1ms)


Started POST "/groups" for 127.0.0.1 at 2018-06-13 12:24:05 +0900
Processing by GroupsController#create as HTML
  Parameters: {"utf8"=>"✓", "authenticity_token"=>"BMkJsMOZz9eyu9iHoTkzfUyY4ttnxP9OcMh6SNNFd3SvHlXyWQd/J4oq5a8XdtCPwsNcX/FhW8yMW1BsXmlKRA==", "group"=>{"name"=>"aaa", "user_ids"=>["", "1"]}, "commit"=>"Create Group"}
  [1m[36mUser Load (0.5ms)[0m  [1m[34mSELECT  `users`.* FROM `users` WHERE `users`.`id` = 1 ORDER BY `users`.`id` ASC LIMIT 1[0m
  [1m[36mUser Load (0.8ms)[0m  [1m[34mSELECT `users`.* FROM `users` WHERE `users`.`id` = 1[0m
  [1m[35m (0.1ms)[0m  [1m[35mBEGIN[0m
  [1m[35mSQL (6.0ms)[0m  [1m[32mINSERT INTO `groups` (`name`, `created_at`, `updated_at`) VALUES ('aaa', '2018-06-13 03:24:05', '2018-06-13 03:24:05')[0m
  [1m[35mSQL (0.3ms)[0m  [1m[32mINSERT INTO `group_users` (`group_id`, `user_id`, `created_at`, `updated_at`) VALUES (1, 1, '2018-06-13 03:24:05', '2018-06-13 03:24:05')[0m
  [1m[35m (0.8ms)[0m  [1m[35mCOMMIT[0m
Redirected to http://localhost:3000/
Completed 302 Found in 22ms (ActiveRecord: 8.4ms)


Started GET "/" for 127.0.0.1 at 2018-06-13 12:24:05 +0900
Processing by GroupsController#index as HTML
  [1m[36mUser Load (0.2ms)[0m  [1m[34mSELECT  `users`.* FROM `users` WHERE `users`.`id` = 1 ORDER BY `users`.`id` ASC LIMIT 1[0m
  Rendering groups/index.html.haml within layouts/application
  [1m[36mGroup Load (0.3ms)[0m  [1m[34mSELECT `groups`.* FROM `groups` INNER JOIN `group_users` ON `groups`.`id` = `group_users`.`group_id` WHERE `group_users`.`user_id` = 1[0m
  [1m[36mMessage Load (0.2ms)[0m  [1m[34mSELECT  `messages`.* FROM `messages` WHERE `messages`.`group_id` = 1 ORDER BY `messages`.`id` DESC LIMIT 1[0m
  Rendered module/_group-list.html.haml (16.2ms)
  Rendered messages/_sidebar.html.haml (21.2ms)
  Rendered groups/index.html.haml within layouts/application (25.5ms)
  Rendered layouts/_notifications.html.haml (1.7ms)
Completed 200 OK in 60ms (Views: 54.0ms | ActiveRecord: 3.5ms)


Started GET "/groups/1/messages" for 127.0.0.1 at 2018-06-13 12:24:06 +0900
Processing by MessagesController#index as HTML
  Parameters: {"group_id"=>"1"}
  [1m[36mUser Load (0.3ms)[0m  [1m[34mSELECT  `users`.* FROM `users` WHERE `users`.`id` = 1 ORDER BY `users`.`id` ASC LIMIT 1[0m
  [1m[36mGroup Load (0.2ms)[0m  [1m[34mSELECT  `groups`.* FROM `groups` WHERE `groups`.`id` = 1 LIMIT 1[0m
  Rendering messages/index.html.haml within layouts/application
  [1m[36mMessage Load (0.4ms)[0m  [1m[34mSELECT `messages`.* FROM `messages` WHERE `messages`.`group_id` = 1[0m
  Rendered collection of templates [0 times] (0.0ms)
  [1m[36mGroup Load (0.4ms)[0m  [1m[34mSELECT `groups`.* FROM `groups` INNER JOIN `group_users` ON `groups`.`id` = `group_users`.`group_id` WHERE `group_users`.`user_id` = 1[0m
  [1m[36mMessage Load (0.6ms)[0m  [1m[34mSELECT  `messages`.* FROM `messages` WHERE `messages`.`group_id` = 1 ORDER BY `messages`.`id` DESC LIMIT 1[0m
  Rendered module/_group-list.html.haml (8.2ms)
  Rendered messages/_sidebar.html.haml (13.7ms)
  Rendered messages/index.html.haml within layouts/application (27.8ms)
  Rendered layouts/_notifications.html.haml (1.7ms)
Completed 200 OK in 68ms (Views: 56.2ms | ActiveRecord: 1.9ms)


Started POST "/groups/1/messages" for 127.0.0.1 at 2018-06-13 12:24:12 +0900
Processing by MessagesController#create as HTML
  Parameters: {"utf8"=>"✓", "authenticity_token"=>"dfgFzjB3wpwD2CC0cFEKyd68FSJSoBC0Wil/Q5e6MAKpG4JbA5UlG0NqMyRVtNCLsaeufaZtoiA2tL6qB1v/WQ==", "message"=>{"content"=>"konnnitiwa"}, "commit"=>"Send", "group_id"=>"1"}
  [1m[36mUser Load (1.0ms)[0m  [1m[34mSELECT  `users`.* FROM `users` WHERE `users`.`id` = 1 ORDER BY `users`.`id` ASC LIMIT 1[0m
  [1m[36mGroup Load (0.6ms)[0m  [1m[34mSELECT  `groups`.* FROM `groups` WHERE `groups`.`id` = 1 LIMIT 1[0m
  [1m[35m (0.1ms)[0m  [1m[35mBEGIN[0m
  [1m[36mUser Load (0.3ms)[0m  [1m[34mSELECT  `users`.* FROM `users` WHERE `users`.`id` = 1 LIMIT 1[0m
  [1m[35mSQL (0.2ms)[0m  [1m[32mINSERT INTO `messages` (`content`, `group_id`, `user_id`, `created_at`, `updated_at`) VALUES ('konnnitiwa', 1, 1, '2018-06-13 03:24:12', '2018-06-13 03:24:12')[0m
  [1m[35m (6.2ms)[0m  [1m[35mCOMMIT[0m
Redirected to http://localhost:3000/groups/1/messages
Completed 302 Found in 21ms (ActiveRecord: 8.4ms)


Started GET "/groups/1/messages" for 127.0.0.1 at 2018-06-13 12:24:12 +0900
Processing by MessagesController#index as HTML
  Parameters: {"group_id"=>"1"}
  [1m[36mUser Load (0.2ms)[0m  [1m[34mSELECT  `users`.* FROM `users` WHERE `users`.`id` = 1 ORDER BY `users`.`id` ASC LIMIT 1[0m
  [1m[36mGroup Load (0.2ms)[0m  [1m[34mSELECT  `groups`.* FROM `groups` WHERE `groups`.`id` = 1 LIMIT 1[0m
  Rendering messages/index.html.haml within layouts/application
  [1m[36mMessage Load (0.4ms)[0m  [1m[34mSELECT `messages`.* FROM `messages` WHERE `messages`.`group_id` = 1[0m
  [1m[36mUser Load (0.3ms)[0m  [1m[34mSELECT `users`.* FROM `users` WHERE `users`.`id` = 1[0m
  Rendered collection of messages/_message.html.haml [1 times] (2.5ms)
  [1m[36mGroup Load (0.4ms)[0m  [1m[34mSELECT `groups`.* FROM `groups` INNER JOIN `group_users` ON `groups`.`id` = `group_users`.`group_id` WHERE `group_users`.`user_id` = 1[0m
  [1m[36mMessage Load (0.3ms)[0m  [1m[34mSELECT  `messages`.* FROM `messages` WHERE `messages`.`group_id` = 1 ORDER BY `messages`.`id` DESC LIMIT 1[0m
  Rendered module/_group-list.html.haml (5.6ms)
  Rendered messages/_sidebar.html.haml (10.2ms)
  Rendered messages/index.html.haml within layouts/application (29.8ms)
  Rendered layouts/_notifications.html.haml (1.4ms)
Completed 200 OK in 60ms (Views: 54.1ms | ActiveRecord: 1.8ms)


Started GET "/groups/1/edit" for 127.0.0.1 at 2018-06-13 12:25:03 +0900
Processing by GroupsController#edit as HTML
  Parameters: {"id"=>"1"}
  [1m[36mUser Load (0.4ms)[0m  [1m[34mSELECT  `users`.* FROM `users` WHERE `users`.`id` = 1 ORDER BY `users`.`id` ASC LIMIT 1[0m
  [1m[36mGroup Load (0.4ms)[0m  [1m[34mSELECT  `groups`.* FROM `groups` WHERE `groups`.`id` = 1 LIMIT 1[0m
  Rendering groups/edit.html.haml within layouts/application
  Rendered groups/edit.html.haml within layouts/application (6.6ms)
Completed 500 Internal Server Error in 23ms (ActiveRecord: 0.8ms)


  
SyntaxError (/Users/yanagiwaratatsuya/Desktop/Chat-Space/app/views/groups/edit.html.haml:34: syntax error, unexpected keyword_ensure, expecting end-of-input):
  
app/views/groups/edit.html.haml:34: syntax error, unexpected keyword_ensure, expecting end-of-input
  Rendering /Users/yanagiwaratatsuya/.rbenv/versions/2.3.1/lib/ruby/gems/2.3.0/gems/actionpack-5.0.7/lib/action_dispatch/middleware/templates/rescues/diagnostics.html.erb within rescues/layout
  Rendering /Users/yanagiwaratatsuya/.rbenv/versions/2.3.1/lib/ruby/gems/2.3.0/gems/actionpack-5.0.7/lib/action_dispatch/middleware/templates/rescues/_source.html.erb
  Rendered /Users/yanagiwaratatsuya/.rbenv/versions/2.3.1/lib/ruby/gems/2.3.0/gems/actionpack-5.0.7/lib/action_dispatch/middleware/templates/rescues/_source.html.erb (3.2ms)
  Rendering /Users/yanagiwaratatsuya/.rbenv/versions/2.3.1/lib/ruby/gems/2.3.0/gems/actionpack-5.0.7/lib/action_dispatch/middleware/templates/rescues/_trace.html.erb
  Rendered /Users/yanagiwaratatsuya/.rbenv/versions/2.3.1/lib/ruby/gems/2.3.0/gems/actionpack-5.0.7/lib/action_dispatch/middleware/templates/rescues/_trace.html.erb (1.4ms)
  Rendering /Users/yanagiwaratatsuya/.rbenv/versions/2.3.1/lib/ruby/gems/2.3.0/gems/actionpack-5.0.7/lib/action_dispatch/middleware/templates/rescues/_request_and_response.html.erb
  Rendered /Users/yanagiwaratatsuya/.rbenv/versions/2.3.1/lib/ruby/gems/2.3.0/gems/actionpack-5.0.7/lib/action_dispatch/middleware/templates/rescues/_request_and_response.html.erb (0.9ms)
  Rendered /Users/yanagiwaratatsuya/.rbenv/versions/2.3.1/lib/ruby/gems/2.3.0/gems/actionpack-5.0.7/lib/action_dispatch/middleware/templates/rescues/diagnostics.html.erb within rescues/layout (109.7ms)
Started GET "/groups/1/messages" for 127.0.0.1 at 2018-06-13 12:25:55 +0900
Processing by MessagesController#index as HTML
  Parameters: {"group_id"=>"1"}
  [1m[36mUser Load (1.1ms)[0m  [1m[34mSELECT  `users`.* FROM `users` WHERE `users`.`id` = 1 ORDER BY `users`.`id` ASC LIMIT 1[0m
  [1m[36mGroup Load (0.3ms)[0m  [1m[34mSELECT  `groups`.* FROM `groups` WHERE `groups`.`id` = 1 LIMIT 1[0m
  Rendering messages/index.html.haml within layouts/application
  [1m[36mMessage Load (0.3ms)[0m  [1m[34mSELECT `messages`.* FROM `messages` WHERE `messages`.`group_id` = 1[0m
  [1m[36mUser Load (0.2ms)[0m  [1m[34mSELECT `users`.* FROM `users` WHERE `users`.`id` = 1[0m
  Rendered collection of messages/_message.html.haml [1 times] (2.4ms)
  [1m[36mGroup Load (0.4ms)[0m  [1m[34mSELECT `groups`.* FROM `groups` INNER JOIN `group_users` ON `groups`.`id` = `group_users`.`group_id` WHERE `group_users`.`user_id` = 1[0m
  [1m[36mMessage Load (0.3ms)[0m  [1m[34mSELECT  `messages`.* FROM `messages` WHERE `messages`.`group_id` = 1 ORDER BY `messages`.`id` DESC LIMIT 1[0m
  Rendered module/_group-list.html.haml (5.7ms)
  Rendered messages/_sidebar.html.haml (10.9ms)
  Rendered messages/index.html.haml within layouts/application (23.4ms)
  Rendered layouts/_notifications.html.haml (1.5ms)
Completed 200 OK in 58ms (Views: 48.9ms | ActiveRecord: 2.6ms)


Started POST "/groups/1/messages" for 127.0.0.1 at 2018-06-13 12:26:36 +0900
Processing by MessagesController#create as HTML
  Parameters: {"utf8"=>"✓", "authenticity_token"=>"QdtcxZMi7iMVzbUrZ6mWr6K7uBTYLlGIU5ZMrx7eg79WJaWK8kEpadEbxDSHv64I+DSFULLIKrJGvQi44bXvVg==", "message"=>{"content"=>"tikyuu", "image"=>#<ActionDispatch::Http::UploadedFile:0x007fc72f08ff40 @tempfile=#<Tempfile:/var/folders/9s/zwj1nyrd7_z2hjfqgty15fv00000gn/T/RackMultipart20180613-41906-1ybffxm.jpg>, @original_filename="tcr_m.jpg", @content_type="image/jpeg", @headers="Content-Disposition: form-data; name=\"message[image]\"; filename=\"tcr_m.jpg\"\r\nContent-Type: image/jpeg\r\n">}, "commit"=>"Send", "group_id"=>"1"}
  [1m[36mUser Load (0.3ms)[0m  [1m[34mSELECT  `users`.* FROM `users` WHERE `users`.`id` = 1 ORDER BY `users`.`id` ASC LIMIT 1[0m
  [1m[36mGroup Load (0.2ms)[0m  [1m[34mSELECT  `groups`.* FROM `groups` WHERE `groups`.`id` = 1 LIMIT 1[0m
  [1m[35m (0.2ms)[0m  [1m[35mBEGIN[0m
  [1m[36mUser Load (0.5ms)[0m  [1m[34mSELECT  `users`.* FROM `users` WHERE `users`.`id` = 1 LIMIT 1[0m
  [1m[35mSQL (0.3ms)[0m  [1m[32mINSERT INTO `messages` (`content`, `image`, `group_id`, `user_id`, `created_at`, `updated_at`) VALUES ('tikyuu', 'tcr_m.jpg', 1, 1, '2018-06-13 03:26:36', '2018-06-13 03:26:36')[0m
  [1m[35m (10.7ms)[0m  [1m[35mCOMMIT[0m
Redirected to http://localhost:3000/groups/1/messages
Completed 302 Found in 479ms (ActiveRecord: 12.1ms)


Started GET "/groups/1/messages" for 127.0.0.1 at 2018-06-13 12:26:36 +0900
Processing by MessagesController#index as HTML
  Parameters: {"group_id"=>"1"}
  [1m[36mUser Load (0.3ms)[0m  [1m[34mSELECT  `users`.* FROM `users` WHERE `users`.`id` = 1 ORDER BY `users`.`id` ASC LIMIT 1[0m
  [1m[36mGroup Load (0.3ms)[0m  [1m[34mSELECT  `groups`.* FROM `groups` WHERE `groups`.`id` = 1 LIMIT 1[0m
  Rendering messages/index.html.haml within layouts/application
  [1m[36mMessage Load (0.3ms)[0m  [1m[34mSELECT `messages`.* FROM `messages` WHERE `messages`.`group_id` = 1[0m
  [1m[36mUser Load (0.2ms)[0m  [1m[34mSELECT `users`.* FROM `users` WHERE `users`.`id` = 1[0m
  Rendered collection of messages/_message.html.haml [2 times] (5.7ms)
  [1m[36mGroup Load (0.4ms)[0m  [1m[34mSELECT `groups`.* FROM `groups` INNER JOIN `group_users` ON `groups`.`id` = `group_users`.`group_id` WHERE `group_users`.`user_id` = 1[0m
  [1m[36mMessage Load (5.0ms)[0m  [1m[34mSELECT  `messages`.* FROM `messages` WHERE `messages`.`group_id` = 1 ORDER BY `messages`.`id` DESC LIMIT 1[0m
  Rendered module/_group-list.html.haml (11.7ms)
  Rendered messages/_sidebar.html.haml (16.6ms)
  Rendered messages/index.html.haml within layouts/application (34.6ms)
  Rendered layouts/_notifications.html.haml (3.7ms)
Completed 200 OK in 79ms (Views: 66.8ms | ActiveRecord: 6.5ms)


Started GET "/" for 127.0.0.1 at 2018-06-26 17:27:57 +0900
  
ActiveRecord::PendingMigrationError (

Migrations are pending. To resolve this issue, run:

        bin/rails db:migrate RAILS_ENV=development

):
  
activerecord (5.0.7) lib/active_record/migration.rb:573:in `check_pending!'
activerecord (5.0.7) lib/active_record/migration.rb:549:in `call'
actionpack (5.0.7) lib/action_dispatch/middleware/callbacks.rb:38:in `block in call'
activesupport (5.0.7) lib/active_support/callbacks.rb:97:in `__run_callbacks__'
activesupport (5.0.7) lib/active_support/callbacks.rb:750:in `_run_call_callbacks'
activesupport (5.0.7) lib/active_support/callbacks.rb:90:in `run_callbacks'
actionpack (5.0.7) lib/action_dispatch/middleware/callbacks.rb:36:in `call'
actionpack (5.0.7) lib/action_dispatch/middleware/executor.rb:12:in `call'
actionpack (5.0.7) lib/action_dispatch/middleware/remote_ip.rb:79:in `call'
actionpack (5.0.7) lib/action_dispatch/middleware/debug_exceptions.rb:49:in `call'
web-console (3.6.2) lib/web_console/middleware.rb:135:in `call_app'
web-console (3.6.2) lib/web_console/middleware.rb:30:in `block in call'
web-console (3.6.2) lib/web_console/middleware.rb:20:in `catch'
web-console (3.6.2) lib/web_console/middleware.rb:20:in `call'
actionpack (5.0.7) lib/action_dispatch/middleware/show_exceptions.rb:31:in `call'
railties (5.0.7) lib/rails/rack/logger.rb:36:in `call_app'
railties (5.0.7) lib/rails/rack/logger.rb:24:in `block in call'
activesupport (5.0.7) lib/active_support/tagged_logging.rb:69:in `block in tagged'
activesupport (5.0.7) lib/active_support/tagged_logging.rb:26:in `tagged'
activesupport (5.0.7) lib/active_support/tagged_logging.rb:69:in `tagged'
railties (5.0.7) lib/rails/rack/logger.rb:24:in `call'
sprockets-rails (3.2.1) lib/sprockets/rails/quiet_assets.rb:13:in `call'
actionpack (5.0.7) lib/action_dispatch/middleware/request_id.rb:24:in `call'
rack (2.0.5) lib/rack/method_override.rb:22:in `call'
rack (2.0.5) lib/rack/runtime.rb:22:in `call'
activesupport (5.0.7) lib/active_support/cache/strategy/local_cache_middleware.rb:28:in `call'
actionpack (5.0.7) lib/action_dispatch/middleware/executor.rb:12:in `call'
actionpack (5.0.7) lib/action_dispatch/middleware/static.rb:136:in `call'
rack (2.0.5) lib/rack/sendfile.rb:111:in `call'
railties (5.0.7) lib/rails/engine.rb:522:in `call'
puma (3.11.4) lib/puma/configuration.rb:225:in `call'
puma (3.11.4) lib/puma/server.rb:632:in `handle_request'
puma (3.11.4) lib/puma/server.rb:446:in `process_client'
puma (3.11.4) lib/puma/server.rb:306:in `block in run'
puma (3.11.4) lib/puma/thread_pool.rb:120:in `block in spawn_thread'
  Rendering /Users/yanagiwaratatsuya/.rbenv/versions/2.3.1/lib/ruby/gems/2.3.0/gems/actionpack-5.0.7/lib/action_dispatch/middleware/templates/rescues/diagnostics.html.erb within rescues/layout
  Rendering /Users/yanagiwaratatsuya/.rbenv/versions/2.3.1/lib/ruby/gems/2.3.0/gems/actionpack-5.0.7/lib/action_dispatch/middleware/templates/rescues/_source.html.erb
  Rendered /Users/yanagiwaratatsuya/.rbenv/versions/2.3.1/lib/ruby/gems/2.3.0/gems/actionpack-5.0.7/lib/action_dispatch/middleware/templates/rescues/_source.html.erb (1.7ms)
  Rendering /Users/yanagiwaratatsuya/.rbenv/versions/2.3.1/lib/ruby/gems/2.3.0/gems/actionpack-5.0.7/lib/action_dispatch/middleware/templates/rescues/_trace.html.erb
  Rendered /Users/yanagiwaratatsuya/.rbenv/versions/2.3.1/lib/ruby/gems/2.3.0/gems/actionpack-5.0.7/lib/action_dispatch/middleware/templates/rescues/_trace.html.erb (1.1ms)
  Rendering /Users/yanagiwaratatsuya/.rbenv/versions/2.3.1/lib/ruby/gems/2.3.0/gems/actionpack-5.0.7/lib/action_dispatch/middleware/templates/rescues/_request_and_response.html.erb
  Rendered /Users/yanagiwaratatsuya/.rbenv/versions/2.3.1/lib/ruby/gems/2.3.0/gems/actionpack-5.0.7/lib/action_dispatch/middleware/templates/rescues/_request_and_response.html.erb (1.2ms)
  Rendered /Users/yanagiwaratatsuya/.rbenv/versions/2.3.1/lib/ruby/gems/2.3.0/gems/actionpack-5.0.7/lib/action_dispatch/middleware/templates/rescues/diagnostics.html.erb within rescues/layout (127.8ms)
Started GET "/" for 127.0.0.1 at 2018-06-26 17:31:09 +0900
  
ActiveRecord::PendingMigrationError (

Migrations are pending. To resolve this issue, run:

        bin/rails db:migrate RAILS_ENV=development

):
  
activerecord (5.0.7) lib/active_record/migration.rb:573:in `check_pending!'
activerecord (5.0.7) lib/active_record/migration.rb:549:in `call'
actionpack (5.0.7) lib/action_dispatch/middleware/callbacks.rb:38:in `block in call'
activesupport (5.0.7) lib/active_support/callbacks.rb:97:in `__run_callbacks__'
activesupport (5.0.7) lib/active_support/callbacks.rb:750:in `_run_call_callbacks'
activesupport (5.0.7) lib/active_support/callbacks.rb:90:in `run_callbacks'
actionpack (5.0.7) lib/action_dispatch/middleware/callbacks.rb:36:in `call'
actionpack (5.0.7) lib/action_dispatch/middleware/executor.rb:12:in `call'
actionpack (5.0.7) lib/action_dispatch/middleware/remote_ip.rb:79:in `call'
actionpack (5.0.7) lib/action_dispatch/middleware/debug_exceptions.rb:49:in `call'
web-console (3.6.2) lib/web_console/middleware.rb:135:in `call_app'
web-console (3.6.2) lib/web_console/middleware.rb:30:in `block in call'
web-console (3.6.2) lib/web_console/middleware.rb:20:in `catch'
web-console (3.6.2) lib/web_console/middleware.rb:20:in `call'
actionpack (5.0.7) lib/action_dispatch/middleware/show_exceptions.rb:31:in `call'
railties (5.0.7) lib/rails/rack/logger.rb:36:in `call_app'
railties (5.0.7) lib/rails/rack/logger.rb:24:in `block in call'
activesupport (5.0.7) lib/active_support/tagged_logging.rb:69:in `block in tagged'
activesupport (5.0.7) lib/active_support/tagged_logging.rb:26:in `tagged'
activesupport (5.0.7) lib/active_support/tagged_logging.rb:69:in `tagged'
railties (5.0.7) lib/rails/rack/logger.rb:24:in `call'
sprockets-rails (3.2.1) lib/sprockets/rails/quiet_assets.rb:13:in `call'
actionpack (5.0.7) lib/action_dispatch/middleware/request_id.rb:24:in `call'
rack (2.0.5) lib/rack/method_override.rb:22:in `call'
rack (2.0.5) lib/rack/runtime.rb:22:in `call'
activesupport (5.0.7) lib/active_support/cache/strategy/local_cache_middleware.rb:28:in `call'
actionpack (5.0.7) lib/action_dispatch/middleware/executor.rb:12:in `call'
actionpack (5.0.7) lib/action_dispatch/middleware/static.rb:136:in `call'
rack (2.0.5) lib/rack/sendfile.rb:111:in `call'
railties (5.0.7) lib/rails/engine.rb:522:in `call'
puma (3.11.4) lib/puma/configuration.rb:225:in `call'
puma (3.11.4) lib/puma/server.rb:632:in `handle_request'
puma (3.11.4) lib/puma/server.rb:446:in `process_client'
puma (3.11.4) lib/puma/server.rb:306:in `block in run'
puma (3.11.4) lib/puma/thread_pool.rb:120:in `block in spawn_thread'
  Rendering /Users/yanagiwaratatsuya/.rbenv/versions/2.3.1/lib/ruby/gems/2.3.0/gems/actionpack-5.0.7/lib/action_dispatch/middleware/templates/rescues/diagnostics.html.erb within rescues/layout
  Rendering /Users/yanagiwaratatsuya/.rbenv/versions/2.3.1/lib/ruby/gems/2.3.0/gems/actionpack-5.0.7/lib/action_dispatch/middleware/templates/rescues/_source.html.erb
  Rendered /Users/yanagiwaratatsuya/.rbenv/versions/2.3.1/lib/ruby/gems/2.3.0/gems/actionpack-5.0.7/lib/action_dispatch/middleware/templates/rescues/_source.html.erb (1.4ms)
  Rendering /Users/yanagiwaratatsuya/.rbenv/versions/2.3.1/lib/ruby/gems/2.3.0/gems/actionpack-5.0.7/lib/action_dispatch/middleware/templates/rescues/_trace.html.erb
  Rendered /Users/yanagiwaratatsuya/.rbenv/versions/2.3.1/lib/ruby/gems/2.3.0/gems/actionpack-5.0.7/lib/action_dispatch/middleware/templates/rescues/_trace.html.erb (1.4ms)
  Rendering /Users/yanagiwaratatsuya/.rbenv/versions/2.3.1/lib/ruby/gems/2.3.0/gems/actionpack-5.0.7/lib/action_dispatch/middleware/templates/rescues/_request_and_response.html.erb
  Rendered /Users/yanagiwaratatsuya/.rbenv/versions/2.3.1/lib/ruby/gems/2.3.0/gems/actionpack-5.0.7/lib/action_dispatch/middleware/templates/rescues/_request_and_response.html.erb (0.7ms)
  Rendered /Users/yanagiwaratatsuya/.rbenv/versions/2.3.1/lib/ruby/gems/2.3.0/gems/actionpack-5.0.7/lib/action_dispatch/middleware/templates/rescues/diagnostics.html.erb within rescues/layout (143.7ms)
  [1m[35m (6.7ms)[0m  [1m[35mDROP DATABASE IF EXISTS `chat-space_development`[0m
  [1m[35m (0.4ms)[0m  [1m[35mDROP DATABASE IF EXISTS `chat-space_test`[0m
  [1m[35m (0.5ms)[0m  [1m[35mCREATE DATABASE `chat-space_development` DEFAULT CHARACTER SET `utf8`[0m
  [1m[35m (0.4ms)[0m  [1m[35mCREATE DATABASE `chat-space_test` DEFAULT CHARACTER SET `utf8`[0m
  [1m[35m (58.1ms)[0m  [1m[35mCREATE TABLE `schema_migrations` (`version` varchar(255) PRIMARY KEY) ENGINE=InnoDB[0m
  [1m[35m (27.3ms)[0m  [1m[35mCREATE TABLE `ar_internal_metadata` (`key` varchar(255) PRIMARY KEY, `value` varchar(255), `created_at` datetime NOT NULL, `updated_at` datetime NOT NULL) ENGINE=InnoDB[0m
  [1m[35m (0.6ms)[0m  [1m[34mSELECT DATABASE() as db[0m
  [1m[35m (1.7ms)[0m  [1m[34mSELECT GET_LOCK('8445024276154775190', 0);[0m
  [1m[36mActiveRecord::SchemaMigration Load (0.4ms)[0m  [1m[34mSELECT `schema_migrations`.* FROM `schema_migrations`[0m
Migrating to DeviseCreateUsers (20180602041251)
  [1m[35m (33.9ms)[0m  [1m[35mCREATE TABLE `users` (`id` int AUTO_INCREMENT PRIMARY KEY, `name` varchar(255) NOT NULL, `email` varchar(255) DEFAULT '' NOT NULL, `encrypted_password` varchar(255) DEFAULT '' NOT NULL, `reset_password_token` varchar(255), `reset_password_sent_at` datetime, `remember_created_at` datetime, `sign_in_count` int DEFAULT 0 NOT NULL, `current_sign_in_at` datetime, `last_sign_in_at` datetime, `current_sign_in_ip` varchar(255), `last_sign_in_ip` varchar(255), `created_at` datetime NOT NULL, `updated_at` datetime NOT NULL) ENGINE=InnoDB[0m
  [1m[35m (24.8ms)[0m  [1m[35mCREATE UNIQUE INDEX `index_users_on_email`  ON `users` (`email`) [0m
  [1m[35m (22.8ms)[0m  [1m[35mCREATE UNIQUE INDEX `index_users_on_reset_password_token`  ON `users` (`reset_password_token`) [0m
  [1m[35m (0.1ms)[0m  [1m[35mBEGIN[0m
  [1m[35mSQL (0.6ms)[0m  [1m[32mINSERT INTO `schema_migrations` (`version`) VALUES ('20180602041251')[0m
  [1m[35m (0.5ms)[0m  [1m[35mCOMMIT[0m
Migrating to CreateGroups (20180602080428)
  [1m[35m (21.1ms)[0m  [1m[35mCREATE TABLE `groups` (`id` int AUTO_INCREMENT PRIMARY KEY, `name` varchar(255) NOT NULL, `created_at` datetime NOT NULL, `updated_at` datetime NOT NULL,  INDEX `index_groups_on_name`  (`name`)) ENGINE=InnoDB[0m
  [1m[35m (0.3ms)[0m  [1m[35mBEGIN[0m
  [1m[35mSQL (0.4ms)[0m  [1m[32mINSERT INTO `schema_migrations` (`version`) VALUES ('20180602080428')[0m
  [1m[35m (0.6ms)[0m  [1m[35mCOMMIT[0m
Migrating to CreateGroupUsers (20180602080448)
  [1m[35m (22.5ms)[0m  [1m[35mCREATE TABLE `group_users` (`id` int AUTO_INCREMENT PRIMARY KEY, `group_id` int, `user_id` int, `created_at` datetime NOT NULL, `updated_at` datetime NOT NULL,  INDEX `index_group_users_on_group_id`  (`group_id`),  INDEX `index_group_users_on_user_id`  (`user_id`), CONSTRAINT `fk_rails_a9d5f48449`
FOREIGN KEY (`group_id`)
  REFERENCES `groups` (`id`)
, CONSTRAINT `fk_rails_1486913327`
FOREIGN KEY (`user_id`)
  REFERENCES `users` (`id`)
) ENGINE=InnoDB[0m
  [1m[35m (0.1ms)[0m  [1m[35mBEGIN[0m
  [1m[35mSQL (0.1ms)[0m  [1m[32mINSERT INTO `schema_migrations` (`version`) VALUES ('20180602080448')[0m
  [1m[35m (0.8ms)[0m  [1m[35mCOMMIT[0m
Migrating to CreateMessages (20180604092835)
  [1m[35m (27.8ms)[0m  [1m[35mCREATE TABLE `messages` (`id` int AUTO_INCREMENT PRIMARY KEY, `content` varchar(255), `image` varchar(255), `group_id` int, `user_id` int, `created_at` datetime NOT NULL, `updated_at` datetime NOT NULL,  INDEX `index_messages_on_group_id`  (`group_id`),  INDEX `index_messages_on_user_id`  (`user_id`), CONSTRAINT `fk_rails_841b0ae6ac`
FOREIGN KEY (`group_id`)
  REFERENCES `groups` (`id`)
, CONSTRAINT `fk_rails_273a25a7a6`
FOREIGN KEY (`user_id`)
  REFERENCES `users` (`id`)
) ENGINE=InnoDB[0m
  [1m[35m (0.2ms)[0m  [1m[35mBEGIN[0m
  [1m[35mSQL (0.2ms)[0m  [1m[32mINSERT INTO `schema_migrations` (`version`) VALUES ('20180604092835')[0m
  [1m[35m (0.4ms)[0m  [1m[35mCOMMIT[0m
  [1m[36mActiveRecord::InternalMetadata Load (0.2ms)[0m  [1m[34mSELECT  `ar_internal_metadata`.* FROM `ar_internal_metadata` WHERE `ar_internal_metadata`.`key` = 'environment' LIMIT 1[0m
  [1m[35m (0.1ms)[0m  [1m[35mBEGIN[0m
  [1m[35mSQL (0.2ms)[0m  [1m[32mINSERT INTO `ar_internal_metadata` (`key`, `value`, `created_at`, `updated_at`) VALUES ('environment', 'development', '2018-06-26 08:32:51', '2018-06-26 08:32:51')[0m
  [1m[35m (0.3ms)[0m  [1m[35mCOMMIT[0m
  [1m[35m (0.2ms)[0m  [1m[34mSELECT RELEASE_LOCK('8445024276154775190')[0m
  [1m[36mActiveRecord::SchemaMigration Load (0.2ms)[0m  [1m[34mSELECT `schema_migrations`.* FROM `schema_migrations`[0m
  [1m[35m (2.3ms)[0m  [1m[35mSHOW CREATE TABLE `group_users`[0m
  [1m[35m (0.2ms)[0m  [1m[35mSHOW CREATE TABLE `groups`[0m
  [1m[35m (1.3ms)[0m  [1m[35mSHOW TABLE STATUS LIKE 'groups'[0m
  [1m[35m (0.2ms)[0m  [1m[35mSHOW CREATE TABLE `messages`[0m
  [1m[35m (0.2ms)[0m  [1m[35mSHOW TABLE STATUS LIKE 'messages'[0m
  [1m[35m (0.1ms)[0m  [1m[35mSHOW CREATE TABLE `users`[0m
  [1m[35m (0.2ms)[0m  [1m[35mSHOW TABLE STATUS LIKE 'users'[0m
Started GET "/" for 127.0.0.1 at 2018-06-26 17:33:03 +0900
  [1m[36mActiveRecord::SchemaMigration Load (0.2ms)[0m  [1m[34mSELECT `schema_migrations`.* FROM `schema_migrations`[0m
Processing by GroupsController#index as HTML
  [1m[36mUser Load (0.2ms)[0m  [1m[34mSELECT  `users`.* FROM `users` WHERE `users`.`id` = 1 ORDER BY `users`.`id` ASC LIMIT 1[0m
Completed 401 Unauthorized in 20ms (ActiveRecord: 2.5ms)


Started GET "/users/sign_in" for 127.0.0.1 at 2018-06-26 17:33:03 +0900
Processing by Devise::SessionsController#new as HTML
  Rendering devise/sessions/new.html.haml within layouts/application
  Rendered devise/shared/_links.html.haml (2.1ms)
  Rendered devise/sessions/new.html.haml within layouts/application (25.0ms)
  Rendered layouts/_notifications.html.haml (2.8ms)
Completed 200 OK in 368ms (Views: 354.8ms | ActiveRecord: 0.0ms)


Started GET "/users/sign_up" for 127.0.0.1 at 2018-06-26 17:33:10 +0900
Processing by Devise::RegistrationsController#new as HTML
  Rendering devise/registrations/new.html.haml within layouts/application
  Rendered devise/shared/_links.html.haml (2.7ms)
  Rendered devise/registrations/new.html.haml within layouts/application (13.0ms)
  Rendered layouts/_notifications.html.haml (2.4ms)
Completed 200 OK in 62ms (Views: 60.6ms | ActiveRecord: 0.0ms)


Started POST "/users" for 127.0.0.1 at 2018-06-26 17:33:25 +0900
Processing by Devise::RegistrationsController#create as HTML
  Parameters: {"utf8"=>"✓", "authenticity_token"=>"+H0Af522uBzi3iTwRttDStM1KgGGIpHnzJ9JdsihIDPB15YkkQtM6IcZ8y5sBEZI0UBTKnNm2WdwT8YlqeIfVw==", "user"=>{"name"=>"ooa", "email"=>"oimoq13@yahoo.co.jp", "password"=>"[FILTERED]", "password_confirmation"=>"[FILTERED]"}, "commit"=>"Create Account"}
  [1m[35m (0.2ms)[0m  [1m[35mBEGIN[0m
  [1m[36mUser Exists (23.6ms)[0m  [1m[34mSELECT  1 AS one FROM `users` WHERE `users`.`email` = BINARY 'oimoq13@yahoo.co.jp' LIMIT 1[0m
  [1m[35mSQL (0.3ms)[0m  [1m[32mINSERT INTO `users` (`name`, `email`, `encrypted_password`, `created_at`, `updated_at`) VALUES ('ooa', 'oimoq13@yahoo.co.jp', '$2a$11$NeimHDp2gj.pJDuaX1JdPedAZnok0BWY1UpwCyb5c67qT2X0fI.nG', '2018-06-26 08:33:25', '2018-06-26 08:33:25')[0m
  [1m[35m (0.5ms)[0m  [1m[35mCOMMIT[0m
  [1m[35m (0.1ms)[0m  [1m[35mBEGIN[0m
  [1m[35mSQL (0.9ms)[0m  [1m[33mUPDATE `users` SET `sign_in_count` = 1, `current_sign_in_at` = '2018-06-26 08:33:25', `last_sign_in_at` = '2018-06-26 08:33:25', `current_sign_in_ip` = '127.0.0.1', `last_sign_in_ip` = '127.0.0.1' WHERE `users`.`id` = 1[0m
  [1m[35m (0.4ms)[0m  [1m[35mCOMMIT[0m
Redirected to http://localhost:3000/
Completed 302 Found in 192ms (ActiveRecord: 26.0ms)


Started GET "/" for 127.0.0.1 at 2018-06-26 17:33:25 +0900
Processing by GroupsController#index as HTML
  [1m[36mUser Load (0.3ms)[0m  [1m[34mSELECT  `users`.* FROM `users` WHERE `users`.`id` = 1 ORDER BY `users`.`id` ASC LIMIT 1[0m
  Rendering groups/index.html.haml within layouts/application
  [1m[36mGroup Load (0.3ms)[0m  [1m[34mSELECT `groups`.* FROM `groups` INNER JOIN `group_users` ON `groups`.`id` = `group_users`.`group_id` WHERE `group_users`.`user_id` = 1[0m
  Rendered module/_group-list.html.haml (45.1ms)
  Rendered messages/_sidebar.html.haml (51.8ms)
  Rendered groups/index.html.haml within layouts/application (57.4ms)
  Rendered layouts/_notifications.html.haml (2.3ms)
Completed 200 OK in 97ms (Views: 86.5ms | ActiveRecord: 6.3ms)


Started GET "/groups/new" for 127.0.0.1 at 2018-06-26 17:33:27 +0900
Processing by GroupsController#new as HTML
  [1m[36mUser Load (0.3ms)[0m  [1m[34mSELECT  `users`.* FROM `users` WHERE `users`.`id` = 1 ORDER BY `users`.`id` ASC LIMIT 1[0m
  Rendering groups/new.html.haml within layouts/application
  [1m[36mUser Load (0.3ms)[0m  [1m[34mSELECT `users`.* FROM `users`[0m
  Rendered groups/new.html.haml within layouts/application (92.6ms)
  Rendered layouts/_notifications.html.haml (1.5ms)
Completed 200 OK in 141ms (Views: 119.0ms | ActiveRecord: 0.9ms)


Started POST "/groups" for 127.0.0.1 at 2018-06-26 17:33:29 +0900
Processing by GroupsController#create as HTML
  Parameters: {"utf8"=>"✓", "authenticity_token"=>"2sUmZblLRgGf+UN+2NGWCm05kb1bGxkr98bBv34Xr6Xjb7A+tfay9fo+lKDyDpMIb0zolq5fUatLFk7sH1SQwQ==", "group"=>{"name"=>"aaa", "user_ids"=>["", "1"]}, "commit"=>"Create Group"}
  [1m[36mUser Load (0.3ms)[0m  [1m[34mSELECT  `users`.* FROM `users` WHERE `users`.`id` = 1 ORDER BY `users`.`id` ASC LIMIT 1[0m
  [1m[36mUser Load (0.2ms)[0m  [1m[34mSELECT `users`.* FROM `users` WHERE `users`.`id` = 1[0m
  [1m[35m (0.1ms)[0m  [1m[35mBEGIN[0m
  [1m[35mSQL (0.2ms)[0m  [1m[32mINSERT INTO `groups` (`name`, `created_at`, `updated_at`) VALUES ('aaa', '2018-06-26 08:33:29', '2018-06-26 08:33:29')[0m
  [1m[35mSQL (0.2ms)[0m  [1m[32mINSERT INTO `group_users` (`group_id`, `user_id`, `created_at`, `updated_at`) VALUES (1, 1, '2018-06-26 08:33:29', '2018-06-26 08:33:29')[0m
  [1m[35m (5.6ms)[0m  [1m[35mCOMMIT[0m
Redirected to http://localhost:3000/
Completed 302 Found in 16ms (ActiveRecord: 6.7ms)


Started GET "/" for 127.0.0.1 at 2018-06-26 17:33:29 +0900
Processing by GroupsController#index as HTML
  [1m[36mUser Load (0.2ms)[0m  [1m[34mSELECT  `users`.* FROM `users` WHERE `users`.`id` = 1 ORDER BY `users`.`id` ASC LIMIT 1[0m
  Rendering groups/index.html.haml within layouts/application
  [1m[36mGroup Load (0.3ms)[0m  [1m[34mSELECT `groups`.* FROM `groups` INNER JOIN `group_users` ON `groups`.`id` = `group_users`.`group_id` WHERE `group_users`.`user_id` = 1[0m
  [1m[36mMessage Load (0.2ms)[0m  [1m[34mSELECT  `messages`.* FROM `messages` WHERE `messages`.`group_id` = 1 ORDER BY `messages`.`id` DESC LIMIT 1[0m
  Rendered module/_group-list.html.haml (14.5ms)
  Rendered messages/_sidebar.html.haml (19.5ms)
  Rendered groups/index.html.haml within layouts/application (22.8ms)
  Rendered layouts/_notifications.html.haml (1.5ms)
Completed 200 OK in 53ms (Views: 45.0ms | ActiveRecord: 4.4ms)


Started GET "/groups/1/messages" for 127.0.0.1 at 2018-06-26 17:33:30 +0900
Processing by MessagesController#index as HTML
  Parameters: {"group_id"=>"1"}
  [1m[36mUser Load (0.3ms)[0m  [1m[34mSELECT  `users`.* FROM `users` WHERE `users`.`id` = 1 ORDER BY `users`.`id` ASC LIMIT 1[0m
  [1m[36mGroup Load (0.2ms)[0m  [1m[34mSELECT  `groups`.* FROM `groups` WHERE `groups`.`id` = 1 LIMIT 1[0m
  Rendering messages/index.html.haml within layouts/application
  [1m[36mMessage Load (0.3ms)[0m  [1m[34mSELECT `messages`.* FROM `messages` WHERE `messages`.`group_id` = 1[0m
  Rendered collection of templates [0 times] (0.0ms)
  [1m[36mGroup Load (0.3ms)[0m  [1m[34mSELECT `groups`.* FROM `groups` INNER JOIN `group_users` ON `groups`.`id` = `group_users`.`group_id` WHERE `group_users`.`user_id` = 1[0m
  [1m[36mMessage Load (0.3ms)[0m  [1m[34mSELECT  `messages`.* FROM `messages` WHERE `messages`.`group_id` = 1 ORDER BY `messages`.`id` DESC LIMIT 1[0m
  Rendered module/_group-list.html.haml (6.4ms)
  Rendered messages/_sidebar.html.haml (11.2ms)
  Rendered messages/index.html.haml within layouts/application (20.8ms)
  Rendered layouts/_notifications.html.haml (1.4ms)
Completed 200 OK in 57ms (Views: 47.2ms | ActiveRecord: 1.4ms)


Started GET "/groups/1/edit" for 127.0.0.1 at 2018-06-26 17:33:32 +0900
Processing by GroupsController#edit as HTML
  Parameters: {"id"=>"1"}
  [1m[36mUser Load (0.3ms)[0m  [1m[34mSELECT  `users`.* FROM `users` WHERE `users`.`id` = 1 ORDER BY `users`.`id` ASC LIMIT 1[0m
  [1m[36mGroup Load (0.3ms)[0m  [1m[34mSELECT  `groups`.* FROM `groups` WHERE `groups`.`id` = 1 LIMIT 1[0m
  Rendering groups/edit.html.haml within layouts/application
  Rendered groups/_form.html.haml (14.5ms)
  Rendered groups/edit.html.haml within layouts/application (17.8ms)
  Rendered layouts/_notifications.html.haml (1.5ms)
Completed 200 OK in 59ms (Views: 54.5ms | ActiveRecord: 0.6ms)


Started GET "/users?keyword=a" for 127.0.0.1 at 2018-06-26 17:33:34 +0900
Processing by UsersController#index as JSON
  Parameters: {"keyword"=>"a"}
  [1m[36mUser Load (0.2ms)[0m  [1m[34mSELECT  `users`.* FROM `users` WHERE `users`.`id` = 1 ORDER BY `users`.`id` ASC LIMIT 1[0m
  Rendering users/index.json.jbuilder
  [1m[36mUser Load (7.8ms)[0m  [1m[34mSELECT `users`.* FROM `users` WHERE (name LIKE('%a%') and id != 1)[0m
  Rendered users/index.json.jbuilder (13.5ms)
Completed 200 OK in 29ms (Views: 17.6ms | ActiveRecord: 8.0ms)


Started GET "/users?keyword=aa" for 127.0.0.1 at 2018-06-26 17:33:34 +0900
Processing by UsersController#index as JSON
  Parameters: {"keyword"=>"aa"}
  [1m[36mUser Load (0.2ms)[0m  [1m[34mSELECT  `users`.* FROM `users` WHERE `users`.`id` = 1 ORDER BY `users`.`id` ASC LIMIT 1[0m
  Rendering users/index.json.jbuilder
  [1m[36mUser Load (0.6ms)[0m  [1m[34mSELECT `users`.* FROM `users` WHERE (name LIKE('%aa%') and id != 1)[0m
  Rendered users/index.json.jbuilder (1.4ms)
Completed 200 OK in 19ms (Views: 14.8ms | ActiveRecord: 0.8ms)


Started GET "/users?keyword=aaa" for 127.0.0.1 at 2018-06-26 17:33:34 +0900
Processing by UsersController#index as JSON
  Parameters: {"keyword"=>"aaa"}
  [1m[36mUser Load (0.4ms)[0m  [1m[34mSELECT  `users`.* FROM `users` WHERE `users`.`id` = 1 ORDER BY `users`.`id` ASC LIMIT 1[0m
  Rendering users/index.json.jbuilder
  [1m[36mUser Load (0.4ms)[0m  [1m[34mSELECT `users`.* FROM `users` WHERE (name LIKE('%aaa%') and id != 1)[0m
  Rendered users/index.json.jbuilder (1.6ms)
Completed 200 OK in 23ms (Views: 18.2ms | ActiveRecord: 0.8ms)


Started GET "/users?keyword=aaaa" for 127.0.0.1 at 2018-06-26 17:33:34 +0900
Processing by UsersController#index as JSON
  Parameters: {"keyword"=>"aaaa"}
  [1m[36mUser Load (0.5ms)[0m  [1m[34mSELECT  `users`.* FROM `users` WHERE `users`.`id` = 1 ORDER BY `users`.`id` ASC LIMIT 1[0m
  Rendering users/index.json.jbuilder
  [1m[36mUser Load (0.6ms)[0m  [1m[34mSELECT `users`.* FROM `users` WHERE (name LIKE('%aaaa%') and id != 1)[0m
  Rendered users/index.json.jbuilder (1.5ms)
Completed 200 OK in 32ms (Views: 26.5ms | ActiveRecord: 1.0ms)


Started GET "/users?keyword=" for 127.0.0.1 at 2018-06-26 17:33:36 +0900
Processing by UsersController#index as JSON
  Parameters: {"keyword"=>""}
  [1m[36mUser Load (0.3ms)[0m  [1m[34mSELECT  `users`.* FROM `users` WHERE `users`.`id` = 1 ORDER BY `users`.`id` ASC LIMIT 1[0m
  Rendering users/index.json.jbuilder
  [1m[36mUser Load (0.4ms)[0m  [1m[34mSELECT `users`.* FROM `users` WHERE (name LIKE('%%') and id != 1)[0m
  Rendered users/index.json.jbuilder (1.2ms)
Completed 200 OK in 17ms (Views: 13.5ms | ActiveRecord: 0.6ms)


Started PATCH "/groups/1" for 127.0.0.1 at 2018-06-26 17:33:38 +0900
Processing by GroupsController#update as HTML
  Parameters: {"utf8"=>"✓", "authenticity_token"=>"DruSDcGAi7C4oatvWL/IoV3AjQFVdWazFNWkOlx+O843EQRWzT1/RN1mfLFyYM2jX7X0KqAxLjOoBStpPT0Eqg==", "group"=>{"name"=>"aaa", "member"=>"", "user_ids"=>["1"]}, "commit"=>"Update Group", "id"=>"1"}
  [1m[36mUser Load (0.3ms)[0m  [1m[34mSELECT  `users`.* FROM `users` WHERE `users`.`id` = 1 ORDER BY `users`.`id` ASC LIMIT 1[0m
  [1m[36mGroup Load (0.3ms)[0m  [1m[34mSELECT  `groups`.* FROM `groups` WHERE `groups`.`id` = 1 LIMIT 1[0m
Unpermitted parameter: member
  [1m[35m (0.1ms)[0m  [1m[35mBEGIN[0m
  [1m[36mUser Load (0.2ms)[0m  [1m[34mSELECT `users`.* FROM `users` WHERE `users`.`id` = 1[0m
  [1m[36mUser Load (0.3ms)[0m  [1m[34mSELECT `users`.* FROM `users` INNER JOIN `group_users` ON `users`.`id` = `group_users`.`user_id` WHERE `group_users`.`group_id` = 1[0m
  [1m[35m (0.1ms)[0m  [1m[35mCOMMIT[0m
Redirected to http://localhost:3000/groups/1/messages
Completed 302 Found in 8ms (ActiveRecord: 1.4ms)


Started GET "/groups/1/messages" for 127.0.0.1 at 2018-06-26 17:33:38 +0900
Processing by MessagesController#index as HTML
  Parameters: {"group_id"=>"1"}
  [1m[36mUser Load (0.2ms)[0m  [1m[34mSELECT  `users`.* FROM `users` WHERE `users`.`id` = 1 ORDER BY `users`.`id` ASC LIMIT 1[0m
  [1m[36mGroup Load (0.2ms)[0m  [1m[34mSELECT  `groups`.* FROM `groups` WHERE `groups`.`id` = 1 LIMIT 1[0m
  Rendering messages/index.html.haml within layouts/application
  [1m[36mMessage Load (0.3ms)[0m  [1m[34mSELECT `messages`.* FROM `messages` WHERE `messages`.`group_id` = 1[0m
  Rendered collection of templates [0 times] (0.0ms)
  [1m[36mGroup Load (0.3ms)[0m  [1m[34mSELECT `groups`.* FROM `groups` INNER JOIN `group_users` ON `groups`.`id` = `group_users`.`group_id` WHERE `group_users`.`user_id` = 1[0m
  [1m[36mMessage Load (0.4ms)[0m  [1m[34mSELECT  `messages`.* FROM `messages` WHERE `messages`.`group_id` = 1 ORDER BY `messages`.`id` DESC LIMIT 1[0m
  Rendered module/_group-list.html.haml (7.4ms)
  Rendered messages/_sidebar.html.haml (13.2ms)
  Rendered messages/index.html.haml within layouts/application (21.5ms)
  Rendered layouts/_notifications.html.haml (1.8ms)
Completed 200 OK in 55ms (Views: 50.0ms | ActiveRecord: 1.4ms)


Started POST "/groups/1/messages" for 127.0.0.1 at 2018-06-26 17:33:43 +0900
Processing by MessagesController#create as JSON
  Parameters: {"utf8"=>"✓", "authenticity_token"=>"atY30sj02jMFY3zgr+XyQ1swE7hbKicV3GOOdRSsb2NTfKGJxEkux2Ckqz6FOvdBWUVqk65ub5VgswEmde9QBw==", "message"=>{"content"=>"aaaaaaaa"}, "group_id"=>"1"}
  [1m[36mUser Load (0.4ms)[0m  [1m[34mSELECT  `users`.* FROM `users` WHERE `users`.`id` = 1 ORDER BY `users`.`id` ASC LIMIT 1[0m
  [1m[36mGroup Load (0.2ms)[0m  [1m[34mSELECT  `groups`.* FROM `groups` WHERE `groups`.`id` = 1 LIMIT 1[0m
  [1m[35m (0.2ms)[0m  [1m[35mBEGIN[0m
  [1m[36mUser Load (0.3ms)[0m  [1m[34mSELECT  `users`.* FROM `users` WHERE `users`.`id` = 1 LIMIT 1[0m
  [1m[35mSQL (0.4ms)[0m  [1m[32mINSERT INTO `messages` (`content`, `group_id`, `user_id`, `created_at`, `updated_at`) VALUES ('aaaaaaaa', 1, 1, '2018-06-26 08:33:43', '2018-06-26 08:33:43')[0m
  [1m[35m (6.3ms)[0m  [1m[35mCOMMIT[0m
  Rendering messages/create.json.jbuilder
  Rendered messages/create.json.jbuilder (0.7ms)
Completed 200 OK in 36ms (Views: 15.8ms | ActiveRecord: 7.8ms)


Started GET "/groups/1/messages?id=1" for 127.0.0.1 at 2018-06-26 17:33:43 +0900
Processing by MessagesController#index as JSON
  Parameters: {"id"=>"1", "group_id"=>"1"}
  [1m[36mUser Load (0.4ms)[0m  [1m[34mSELECT  `users`.* FROM `users` WHERE `users`.`id` = 1 ORDER BY `users`.`id` ASC LIMIT 1[0m
  [1m[36mGroup Load (0.2ms)[0m  [1m[34mSELECT  `groups`.* FROM `groups` WHERE `groups`.`id` = 1 LIMIT 1[0m
  Rendering messages/index.json.jbuilder
  [1m[36mMessage Load (0.3ms)[0m  [1m[34mSELECT `messages`.* FROM `messages` WHERE `messages`.`group_id` = 1 AND (id > '1')[0m
  Rendered messages/index.json.jbuilder (1.2ms)
Completed 200 OK in 18ms (Views: 12.3ms | ActiveRecord: 0.9ms)


Started POST "/groups/1/messages" for 127.0.0.1 at 2018-06-26 17:33:47 +0900
Processing by MessagesController#create as JSON
  Parameters: {"utf8"=>"✓", "authenticity_token"=>"atY30sj02jMFY3zgr+XyQ1swE7hbKicV3GOOdRSsb2NTfKGJxEkux2Ckqz6FOvdBWUVqk65ub5VgswEmde9QBw==", "message"=>{"content"=>"aa"}, "group_id"=>"1"}
  [1m[36mUser Load (0.4ms)[0m  [1m[34mSELECT  `users`.* FROM `users` WHERE `users`.`id` = 1 ORDER BY `users`.`id` ASC LIMIT 1[0m
  [1m[36mGroup Load (0.2ms)[0m  [1m[34mSELECT  `groups`.* FROM `groups` WHERE `groups`.`id` = 1 LIMIT 1[0m
  [1m[35m (0.2ms)[0m  [1m[35mBEGIN[0m
  [1m[36mUser Load (0.2ms)[0m  [1m[34mSELECT  `users`.* FROM `users` WHERE `users`.`id` = 1 LIMIT 1[0m
  [1m[35mSQL (0.3ms)[0m  [1m[32mINSERT INTO `messages` (`content`, `group_id`, `user_id`, `created_at`, `updated_at`) VALUES ('aa', 1, 1, '2018-06-26 08:33:47', '2018-06-26 08:33:47')[0m
  [1m[35m (5.5ms)[0m  [1m[35mCOMMIT[0m
  Rendering messages/create.json.jbuilder
  Rendered messages/create.json.jbuilder (0.6ms)
Completed 200 OK in 31ms (Views: 14.6ms | ActiveRecord: 6.8ms)


Started GET "/groups/1/messages?id=2" for 127.0.0.1 at 2018-06-26 17:33:48 +0900
Processing by MessagesController#index as JSON
  Parameters: {"id"=>"2", "group_id"=>"1"}
  [1m[36mUser Load (0.4ms)[0m  [1m[34mSELECT  `users`.* FROM `users` WHERE `users`.`id` = 1 ORDER BY `users`.`id` ASC LIMIT 1[0m
  [1m[36mGroup Load (0.2ms)[0m  [1m[34mSELECT  `groups`.* FROM `groups` WHERE `groups`.`id` = 1 LIMIT 1[0m
  Rendering messages/index.json.jbuilder
  [1m[36mMessage Load (0.4ms)[0m  [1m[34mSELECT `messages`.* FROM `messages` WHERE `messages`.`group_id` = 1 AND (id > '2')[0m
  Rendered messages/index.json.jbuilder (1.5ms)
Completed 200 OK in 21ms (Views: 14.0ms | ActiveRecord: 0.9ms)


Started GET "/groups/1/messages?id=2" for 127.0.0.1 at 2018-06-26 17:33:53 +0900
Processing by MessagesController#index as JSON
  Parameters: {"id"=>"2", "group_id"=>"1"}
  [1m[36mUser Load (0.4ms)[0m  [1m[34mSELECT  `users`.* FROM `users` WHERE `users`.`id` = 1 ORDER BY `users`.`id` ASC LIMIT 1[0m
  [1m[36mGroup Load (0.2ms)[0m  [1m[34mSELECT  `groups`.* FROM `groups` WHERE `groups`.`id` = 1 LIMIT 1[0m
  Rendering messages/index.json.jbuilder
  [1m[36mMessage Load (0.3ms)[0m  [1m[34mSELECT `messages`.* FROM `messages` WHERE `messages`.`group_id` = 1 AND (id > '2')[0m
  Rendered messages/index.json.jbuilder (1.1ms)
Completed 200 OK in 18ms (Views: 12.5ms | ActiveRecord: 0.9ms)


Started POST "/groups/1/messages" for 127.0.0.1 at 2018-06-26 17:33:54 +0900
Processing by MessagesController#create as JSON
  Parameters: {"utf8"=>"✓", "authenticity_token"=>"atY30sj02jMFY3zgr+XyQ1swE7hbKicV3GOOdRSsb2NTfKGJxEkux2Ckqz6FOvdBWUVqk65ub5VgswEmde9QBw==", "message"=>{"content"=>"dousuk"}, "group_id"=>"1"}
  [1m[36mUser Load (0.3ms)[0m  [1m[34mSELECT  `users`.* FROM `users` WHERE `users`.`id` = 1 ORDER BY `users`.`id` ASC LIMIT 1[0m
  [1m[36mGroup Load (0.2ms)[0m  [1m[34mSELECT  `groups`.* FROM `groups` WHERE `groups`.`id` = 1 LIMIT 1[0m
  [1m[35m (0.1ms)[0m  [1m[35mBEGIN[0m
  [1m[36mUser Load (0.3ms)[0m  [1m[34mSELECT  `users`.* FROM `users` WHERE `users`.`id` = 1 LIMIT 1[0m
  [1m[35mSQL (0.2ms)[0m  [1m[32mINSERT INTO `messages` (`content`, `group_id`, `user_id`, `created_at`, `updated_at`) VALUES ('dousuk', 1, 1, '2018-06-26 08:33:54', '2018-06-26 08:33:54')[0m
  [1m[35m (5.7ms)[0m  [1m[35mCOMMIT[0m
  Rendering messages/create.json.jbuilder
  Rendered messages/create.json.jbuilder (0.7ms)
Completed 200 OK in 28ms (Views: 13.3ms | ActiveRecord: 6.8ms)


Started GET "/groups/1/messages?id=3" for 127.0.0.1 at 2018-06-26 17:33:58 +0900
Processing by MessagesController#index as JSON
  Parameters: {"id"=>"3", "group_id"=>"1"}
  [1m[36mUser Load (0.3ms)[0m  [1m[34mSELECT  `users`.* FROM `users` WHERE `users`.`id` = 1 ORDER BY `users`.`id` ASC LIMIT 1[0m
  [1m[36mGroup Load (5.7ms)[0m  [1m[34mSELECT  `groups`.* FROM `groups` WHERE `groups`.`id` = 1 LIMIT 1[0m
  Rendering messages/index.json.jbuilder
  [1m[36mMessage Load (0.3ms)[0m  [1m[34mSELECT `messages`.* FROM `messages` WHERE `messages`.`group_id` = 1 AND (id > '3')[0m
  Rendered messages/index.json.jbuilder (1.3ms)
Completed 200 OK in 26ms (Views: 15.4ms | ActiveRecord: 6.3ms)


